Listening to port 4567
Connected!!!
highest w 0.00287512
average w 0.00156028
highest w 0.730955
average w 0.38063
highest w 0.210767
average w 0.102146
highest w 6.12097e-05
average w 2.94098e-05
highest w 0.0628492
average w 0.0310434
highest w 0.00138386
average w 0.000727139
highest w 0.559612
average w 0.287005
highest w 0.0140684
average w 0.00691266
highest w 0.0649935
average w 0.0352177
highest w 0.0393328
average w 0.0165105
highest w 0.018633
average w 0.0102976
highest w 0.057567
average w 0.0335596
highest w 0.0264311
average w 0.0153691
highest w 0.00126796
average w 0.00064313
highest w 0.0112399
average w 0.0067217
highest w 0.0432084
average w 0.0203235
highest w 0.0651576
average w 0.0298784
highest w 0.124647
average w 0.0769031
highest w 0.000606962
average w 0.000290836
highest w 23.9509
average w 12.819
highest w 0.0444873
average w 0.0215859
highest w 0.420538
average w 0.231157
highest w 0.00485975
average w 0.00238885
highest w 0.00512177
average w 0.00260081
highest w 0.509807
average w 0.225821
highest w 0.0022586
average w 0.00122874
highest w 0.000863855
average w 0.00039105
highest w 0.00108571
average w 0.00069137
highest w 0.00421983
average w 0.00210459
highest w 0.00196719
average w 0.000898489
highest w 0.05425
average w 0.0257398
highest w 0.0351622
average w 0.0194449
highest w 2.02705
average w 0.882033
highest w 0.247855
average w 0.138351
highest w 0.00370681
average w 0.00183721
highest w 0.886404
average w 0.487498
highest w 2.3397
average w 1.16183
highest w 0.173581
average w 0.0775369
highest w 0.000933153
average w 0.000520293
highest w 0.0620784
average w 0.0361213
highest w 0.105893
average w 0.0450556
highest w 0.695723
average w 0.291252
highest w 0.203363
average w 0.0918191
highest w 0.00121814
average w 0.000636872
highest w 1.51587
average w 0.815034
highest w 1.22732
average w 0.63213
highest w 0.224595
average w 0.168811
highest w 0.00169504
average w 0.000876266
highest w 0.00221533
average w 0.00124001
highest w 0.05432
average w 0.0366487
highest w 0.270979
average w 0.147263
highest w 0.0753147
average w 0.0460738
highest w 0.0181551
average w 0.0109106
highest w 1.06335
average w 0.665447
highest w 0.0704586
average w 0.0456351
highest w 0.268499
average w 0.165949
highest w 0.0148501
average w 0.00616126
highest w 0.298761
average w 0.132596
highest w 0.637366
average w 0.314489
highest w 0.0964878
average w 0.0362386
highest w 0.0166422
average w 0.00816452
highest w 0.0351516
average w 0.0240228
highest w 0.368797
average w 0.161931
highest w 0.00865406
average w 0.00426647
highest w 0.0473759
average w 0.0253799
highest w 0.0110091
average w 0.00671698
highest w 0.000854192
average w 0.000514821
highest w 0.00864549
average w 0.00380986
highest w 0.0606771
average w 0.0267268
highest w 0.0100641
average w 0.00661315
highest w 0.460594
average w 0.193019
highest w 0.0301748
average w 0.0157541
highest w 0.0584254
average w 0.0291566
highest w 0.0056819
average w 0.00300317
highest w 0.194367
average w 0.117719
highest w 0.57505
average w 0.300412
highest w 1.61136
average w 0.923393
highest w 0.758917
average w 0.332729
highest w 3.69069
average w 1.57626
highest w 0.393628
average w 0.222816
highest w 0.0675486
average w 0.0304046
highest w 2.71639
average w 1.16049
highest w 0.785164
average w 0.370305
highest w 3.28349
average w 1.30851
highest w 1.64278
average w 1.02604
highest w 0.134893
average w 0.0573106
highest w 5.1215
average w 2.35531
highest w 0.0878437
average w 0.0472042
highest w 2.14184
average w 1.2752
highest w 1.42202
average w 0.79289
highest w 0.24213
average w 0.139947
highest w 0.841152
average w 0.367159
highest w 2.34338
average w 1.01244
highest w 3.56847
average w 1.50495
highest w 0.166211
average w 0.0866642
highest w 0.308852
average w 0.156546
highest w 2.73822
average w 1.58176
highest w 0.62856
average w 0.300062
highest w 0.758131
average w 0.414152
highest w 0.553031
average w 0.252225
highest w 1.61592
average w 0.78481
highest w 0.850644
average w 0.378164
highest w 2.82317
average w 1.44731
highest w 1.36559
average w 0.554842
highest w 0.206414
average w 0.0930322
highest w 1.96494
average w 0.814217
highest w 2.67791
average w 1.24591
highest w 4.48959
average w 2.00857
highest w 1.20426
average w 0.476912
highest w 0.445258
average w 0.186621
highest w 1.98576
average w 0.956511
highest w 1.07263
average w 0.440864
highest w 0.653564
average w 0.324303
highest w 0.179635
average w 0.101127
highest w 2.41928
average w 1.37183
highest w 3.63797
average w 1.67001
highest w 3.45964
average w 1.37932
highest w 3.72405
average w 1.77931
highest w 1.71
average w 0.922906
highest w 0.00167949
average w 0.000787546
highest w 0.0394669
average w 0.0221636
highest w 0.200311
average w 0.119162
highest w 0.668673
average w 0.326889
highest w 1.373
average w 0.824732
highest w 0.121715
average w 0.0605984
highest w 0.0716749
average w 0.0293998
highest w 2.5544
average w 1.33714
highest w 0.0578085
average w 0.0203596
highest w 1.99485
average w 1.05535
highest w 0.967311
average w 0.510469
highest w 0.00989801
average w 0.00567278
highest w 0.00292058
average w 0.00142465
highest w 0.630583
average w 0.296656
highest w 0.756904
average w 0.340731
highest w 2.49886
average w 1.33927
highest w 7.67773
average w 3.98353
highest w 0.255328
average w 0.142647
highest w 0.0360899
average w 0.0159391
highest w 5.46791
average w 2.59559
highest w 1.25806
average w 0.518393
highest w 0.00863348
average w 0.00452749
highest w 0.451349
average w 0.214148
highest w 0.0014148
average w 0.000715057
highest w 0.0230187
average w 0.0120564
highest w 0.526461
average w 0.286537
highest w 1.21795
average w 0.624505
highest w 0.273235
average w 0.126013
highest w 1.32662
average w 0.695835
highest w 0.000220373
average w 9.59374e-05
highest w 0.0523208
average w 0.0257584
highest w 1.4905
average w 0.725603
highest w 0.0880999
average w 0.044955
highest w 0.0564986
average w 0.0274713
highest w 0.044447
average w 0.0212748
highest w 3.47246
average w 1.5869
highest w 0.0682818
average w 0.0369849
highest w 0.277921
average w 0.156311
highest w 0.0857592
average w 0.0410007
highest w 0.0510199
average w 0.0261957
highest w 0.0173617
average w 0.00803457
highest w 0.406917
average w 0.201131
highest w 0.682633
average w 0.245177
highest w 0.000927771
average w 0.000475875
highest w 0.431212
average w 0.277037
highest w 0.0595257
average w 0.0284278
highest w 0.0182909
average w 0.00863983
highest w 0.390971
average w 0.227675
highest w 0.0593869
average w 0.0307756
highest w 0.0211421
average w 0.00956238
highest w 0.545392
average w 0.289334
highest w 0.462178
average w 0.250279
highest w 0.220596
average w 0.0957948
highest w 4.95106
average w 2.33874
highest w 0.0528125
average w 0.024396
highest w 0.0341135
average w 0.0161471
highest w 0.11949
average w 0.0620088
highest w 0.122003
average w 0.0666658
highest w 2.62861
average w 1.37455
highest w 0.713528
average w 0.38131
highest w 0.146076
average w 0.0762908
highest w 0.129672
average w 0.068162
highest w 0.0124437
average w 0.00610475
highest w 0.0995553
average w 0.0505729
highest w 1.22913
average w 0.612185
highest w 0.694961
average w 0.315541
highest w 0.0184499
average w 0.010885
highest w 0.000711605
average w 0.000417203
highest w 0.00026849
average w 0.000102606
highest w 0.0698149
average w 0.0368344
highest w 0.000659294
average w 0.0002955
highest w 0.00427024
average w 0.00249147
highest w 0.850301
average w 0.464107
highest w 1.29568
average w 0.669302
highest w 0.0952148
average w 0.0527962
highest w 0.988906
average w 0.581776
highest w 0.000563901
average w 0.000318115
highest w 1.23285
average w 0.631093
highest w 0.144858
average w 0.0699823
highest w 0.025392
average w 0.0120185
highest w 0.0362772
average w 0.0237039
highest w 0.000115974
average w 7.40842e-05
highest w 0.00330511
average w 0.00138243
highest w 0.0264591
average w 0.0154898
highest w 0.661624
average w 0.347477
highest w 0.958983
average w 0.474973
highest w 0.0187878
average w 0.00804601
highest w 0.00166283
average w 0.000887443
highest w 0.0340201
average w 0.0144537
highest w 0.242967
average w 0.130863
highest w 0.14497
average w 0.0785844
highest w 0.026495
average w 0.0141835
highest w 0.0153363
average w 0.00619528
highest w 1.23869
average w 0.628155
highest w 0.154588
average w 0.0804741
highest w 0.149195
average w 0.067831
highest w 0.00567985
average w 0.00342064
highest w 0.144054
average w 0.0707238
highest w 0.975628
average w 0.565356
highest w 0.0178393
average w 0.00709244
highest w 0.277546
average w 0.1694
highest w 0.103318
average w 0.0568551
highest w 0.00121862
average w 0.000614024
highest w 0.0039241
average w 0.0019889
highest w 0.00173763
average w 0.000757282
highest w 0.0695291
average w 0.0343131
highest w 0.0266946
average w 0.0119918
highest w 0.059084
average w 0.0264533
highest w 0.363803
average w 0.217173
highest w 0.779578
average w 0.430207
highest w 0.00262745
average w 0.00133472
highest w 1.80421
average w 0.724195
highest w 0.937024
average w 0.600335
highest w 0.329969
average w 0.154683
highest w 0.0883041
average w 0.0564773
highest w 0.223
average w 0.106799
highest w 0.604575
average w 0.310413
highest w 0.000658149
average w 0.000290879
highest w 1.5841e-05
average w 1.44018e-05
highest w 0.000870961
average w 0.000528886
highest w 1.69395
average w 0.819695
highest w 0.000192952
average w 9.8251e-05
highest w 0.162711
average w 0.0937999
highest w 0.594158
average w 0.330197
highest w 0.0333266
average w 0.0182425
highest w 1.14655
average w 0.583266
highest w 0.127689
average w 0.0693522
highest w 0.644679
average w 0.353892
highest w 2.53952
average w 1.21578
highest w 0.00540716
average w 0.00312408
highest w 0.153465
average w 0.0788979
highest w 0.00633739
average w 0.0032855
highest w 2.69862
average w 1.11581
highest w 0.0706829
average w 0.0325469
highest w 0.0563059
average w 0.0278855
highest w 1.18832
average w 0.549841
highest w 0.152407
average w 0.0668435
highest w 14.2799
average w 6.70329
highest w 1.77964
average w 0.816754
highest w 0.00262465
average w 0.00126684
highest w 0.140219
average w 0.0740507
highest w 0.382987
average w 0.197382
highest w 0.00598921
average w 0.00235815
highest w 0.000174369
average w 8.70485e-05
highest w 0.196189
average w 0.1008
highest w 0.541912
average w 0.271159
highest w 0.0224678
average w 0.0115919
highest w 0.0355757
average w 0.0186852
highest w 0.0205518
average w 0.011119
highest w 0.340341
average w 0.146729
highest w 2.29578
average w 1.17982
highest w 0.00041734
average w 0.000252056
highest w 1.33001
average w 0.713193
highest w 0.0726652
average w 0.0342898
highest w 0.00843958
average w 0.00348909
highest w 0.0103299
average w 0.00460453
highest w 0.828628
average w 0.389908
highest w 0.880592
average w 0.394897
highest w 0.0112694
average w 0.00512419
highest w 2.13991
average w 0.982153
highest w 0.00667952
average w 0.00296833
highest w 0.109033
average w 0.0537389
highest w 0.01918
average w 0.0103386
highest w 0.00388698
average w 0.00204327
highest w 1.8766
average w 0.991753
highest w 1.28184
average w 0.533107
highest w 0.338708
average w 0.150522
highest w 0.139099
average w 0.0561275
highest w 0.00124714
average w 0.0006671
highest w 1.35153
average w 0.537617
highest w 1.39664
average w 0.750134
highest w 0.00873978
average w 0.00431538
highest w 0.0770485
average w 0.0365185
highest w 0.413193
average w 0.195204
highest w 0.147805
average w 0.0610959
highest w 0.0222632
average w 0.0115115
highest w 4.01703
average w 2.17679
highest w 0.0894887
average w 0.042942
highest w 0.000471801
average w 0.000226586
highest w 0.188768
average w 0.090004
highest w 0.637617
average w 0.216482
highest w 0.335546
average w 0.164774
highest w 0.211334
average w 0.0926929
highest w 0.223071
average w 0.127567
highest w 5.0432
average w 2.55729
highest w 0.587279
average w 0.305601
highest w 0.161201
average w 0.0803608
highest w 0.0355019
average w 0.0182404
highest w 0.239677
average w 0.109275
highest w 0.0943582
average w 0.0523432
highest w 0.0708594
average w 0.038107
highest w 0.767457
average w 0.249814
highest w 1.82327
average w 0.921611
highest w 3.61129
average w 2.06352
highest w 2.25083
average w 1.23511
highest w 0.64654
average w 0.281501
highest w 0.0586157
average w 0.0292231
highest w 1.68459
average w 0.648029
highest w 0.0645461
average w 0.0230372
highest w 0.687296
average w 0.299581
highest w 0.561571
average w 0.285677
highest w 0.101844
average w 0.0468285
highest w 1.05763
average w 0.575179
highest w 0.326779
average w 0.163188
highest w 0.07706
average w 0.0472288
highest w 0.20493
average w 0.107452
highest w 0.0186274
average w 0.00897018
highest w 0.116762
average w 0.0797613
highest w 11.905
average w 7.93503
highest w 6.05874e-05
average w 3.24168e-05
highest w 1.24591
average w 0.693441
highest w 1.1333
average w 0.478056
highest w 3.49912
average w 1.75603
highest w 0.177112
average w 0.0769079
highest w 1.67549
average w 0.749158
highest w 0.220304
average w 0.114466
highest w 0.760279
average w 0.293257
highest w 8.6099
average w 4.11313
highest w 1.54512
average w 0.677386
highest w 0.0882176
average w 0.0653714
highest w 0.447701
average w 0.279022
highest w 1.02191
average w 0.603048
highest w 0.141396
average w 0.0834827
highest w 2.96117
average w 1.35546
highest w 2.65472
average w 1.16014
highest w 0.0563332
average w 0.0254813
highest w 0.918975
average w 0.424327
highest w 0.049207
average w 0.0202919
highest w 0.508123
average w 0.292584
highest w 0.039993
average w 0.0205786
highest w 0.147917
average w 0.0662045
highest w 0.112231
average w 0.053422
highest w 1.15409
average w 0.619503
highest w 0.0801442
average w 0.035529
highest w 0.503028
average w 0.256185
highest w 0.655899
average w 0.327088
highest w 0.262776
average w 0.122646
highest w 0.453184
average w 0.293886
highest w 0.455864
average w 0.215454
highest w 0.131124
average w 0.056841
highest w 0.00336885
average w 0.00141104
highest w 0.0134382
average w 0.0062971
highest w 4.75665
average w 2.02427
highest w 3.00305
average w 1.91484
highest w 0.121235
average w 0.0566436
highest w 1.50517
average w 0.607113
highest w 2.59387
average w 1.11287
highest w 0.105099
average w 0.0600466
highest w 0.823746
average w 0.505337
highest w 0.00773766
average w 0.00337046
highest w 0.73012
average w 0.435306
highest w 0.00241856
average w 0.0012549
highest w 0.797855
average w 0.37303
highest w 3.08941
average w 1.01636
highest w 0.196797
average w 0.0718115
highest w 1.2118
average w 0.621417
highest w 0.0456955
average w 0.0202611
highest w 4.37594
average w 1.80629
highest w 0.00230089
average w 0.000945964
highest w 0.00288767
average w 0.00133385
highest w 0.271347
average w 0.140767
highest w 0.395146
average w 0.210567
highest w 0.4511
average w 0.249027
highest w 0.00615796
average w 0.00284427
highest w 0.00306744
average w 0.00148147
highest w 0.0285349
average w 0.0196768
highest w 1.26924
average w 0.511559
highest w 0.0119173
average w 0.006246
highest w 0.172695
average w 0.0890595
highest w 0.631483
average w 0.297445
highest w 0.405969
average w 0.270823
highest w 1.67589
average w 0.814684
highest w 0.013687
average w 0.00690949
highest w 0.878018
average w 0.391125
highest w 0.184478
average w 0.087929
highest w 0.207559
average w 0.102488
highest w 0.427299
average w 0.214514
highest w 0.0405341
average w 0.0201865
highest w 1.20088
average w 0.668463
highest w 0.00133762
average w 0.000629308
highest w 0.00196897
average w 0.000932422
highest w 0.0188394
average w 0.0117545
highest w 0.173603
average w 0.0826308
highest w 0.0709058
average w 0.0346011
highest w 0.0298845
average w 0.0186815
highest w 0.322292
average w 0.175761
highest w 0.0003923
average w 0.000183158
highest w 0.00532274
average w 0.00283628
highest w 0.0233275
average w 0.0108109
highest w 0.032744
average w 0.0197581
highest w 0.554156
average w 0.370082
highest w 1.33943
average w 0.591979
highest w 0.334903
average w 0.138237
highest w 0.0362263
average w 0.0158681
highest w 1.70328
average w 0.64468
highest w 0.425921
average w 0.206474
highest w 0.00452834
average w 0.00208936
highest w 0.0103798
average w 0.00555129
highest w 0.0433073
average w 0.0280572
highest w 0.228793
average w 0.116903
highest w 0.106991
average w 0.0596677
highest w 1.41638
average w 0.614704
highest w 0.717682
average w 0.360264
highest w 0.00154472
average w 0.000695794
highest w 0.549669
average w 0.251239
highest w 1.42021
average w 0.780974
highest w 0.947359
average w 0.455533
highest w 5.50327
average w 3.20636
highest w 1.09507
average w 0.478133
highest w 0.229916
average w 0.120171
highest w 0.250069
average w 0.106337
highest w 0.00204389
average w 0.000781327
highest w 0.175192
average w 0.077203
highest w 2.9226
average w 1.29751
highest w 3.40054
average w 1.52819
highest w 5.7186
average w 3.33676
highest w 0.0621764
average w 0.0303441
highest w 0.0265204
average w 0.0135833
highest w 1.19198
average w 0.532584
highest w 0.555264
average w 0.275505
highest w 1.70764
average w 0.890068
highest w 0.250477
average w 0.134672
highest w 0.0973043
average w 0.0465382
highest w 6.44404
average w 3.17211
highest w 0.156425
average w 0.0823212
highest w 2.38441
average w 1.02879
highest w 0.341361
average w 0.15597
highest w 1.92433
average w 0.903067
highest w 0.541223
average w 0.250547
highest w 0.0687089
average w 0.0374612
highest w 0.427957
average w 0.205324
highest w 2.2938
average w 1.21667
highest w 1.80577
average w 0.95701
highest w 0.000236591
average w 0.000106531
highest w 0.0289846
average w 0.0142716
highest w 0.0924765
average w 0.0433139
highest w 0.870652
average w 0.359117
highest w 0.304304
average w 0.137946
highest w 2.50483
average w 1.24241
highest w 5.35046
average w 2.80757
highest w 0.583029
average w 0.335456
highest w 2.25317
average w 1.30111
highest w 0.434687
average w 0.213139
highest w 0.801246
average w 0.378647
highest w 4.67307
average w 2.49832
highest w 0.192066
average w 0.0872256
highest w 0.253452
average w 0.135277
highest w 2.93448
average w 1.27436
highest w 0.0987186
average w 0.0430714
highest w 0.313525
average w 0.155711
highest w 1.09422
average w 0.623066
highest w 0.00658623
average w 0.0036461
highest w 0.531877
average w 0.218377
highest w 0.100897
average w 0.0464991
highest w 2.74235
average w 1.37178
highest w 1.13525
average w 0.482595
highest w 0.811782
average w 0.434855
highest w 0.631114
average w 0.263708
highest w 3.27293
average w 1.40891
highest w 3.90484
average w 1.80237
highest w 1.25711
average w 0.539192
highest w 0.9558
average w 0.507591
highest w 0.0781815
average w 0.0508286
highest w 0.0248513
average w 0.0147844
highest w 4.13046
average w 1.85544
highest w 0.00827866
average w 0.00465961
highest w 0.0944042
average w 0.0493914
highest w 5.39719
average w 2.67428
highest w 3.76367
average w 1.54792
highest w 3.43594
average w 1.76536
highest w 0.00387586
average w 0.00232817
highest w 0.661104
average w 0.327647
highest w 0.469679
average w 0.275354
highest w 2.72632
average w 1.23223
highest w 1.23762
average w 0.611813
highest w 0.308295
average w 0.152558
highest w 2.32292
average w 1.21908
highest w 0.000658315
average w 0.000343754
highest w 0.630867
average w 0.398092
highest w 0.020105
average w 0.010668
highest w 0.127249
average w 0.0774195
highest w 0.020001
average w 0.0103699
highest w 0.000763931
average w 0.000411433
highest w 0.000731865
average w 0.000419652
highest w 0.129737
average w 0.0712597
highest w 0.004454
average w 0.00210895
highest w 0.000367766
average w 0.000169137
highest w 0.0500109
average w 0.0267674
highest w 8.20127e-05
average w 5.63143e-05
highest w 0.00956119
average w 0.00562934
highest w 0.00224045
average w 0.00105609
highest w 9.75334e-05
average w 5.23234e-05
highest w 0.0169765
average w 0.00905205
highest w 0.0026173
average w 0.00132731
highest w 0.0130523
average w 0.00655256
highest w 2.75511
average w 1.27036
highest w 2.21599
average w 1.2645
highest w 0.123327
average w 0.0609506
highest w 0.0244074
average w 0.0117145
highest w 0.0054208
average w 0.00246284
highest w 1.79326
average w 0.909375
highest w 0.00292904
average w 0.0012247
highest w 0.00649255
average w 0.00336833
highest w 0.0392795
average w 0.0215198
highest w 2.2316
average w 1.05039
highest w 0.00133088
average w 0.000798858
highest w 0.243451
average w 0.129262
highest w 0.198413
average w 0.120062
highest w 0.124552
average w 0.0524749
highest w 0.0189944
average w 0.00972381
highest w 1.10664
average w 0.545236
highest w 3.24561
average w 2.13435
highest w 1.09799
average w 0.650795
highest w 0.00138183
average w 0.000629366
highest w 0.0145745
average w 0.00699498
highest w 0.0553738
average w 0.0293375
highest w 0.107842
average w 0.0523546
highest w 1.11764
average w 0.605849
highest w 0.0701165
average w 0.037127
highest w 0.0549307
average w 0.0302661
highest w 0.256132
average w 0.145861
highest w 0.229986
average w 0.118703
highest w 0.0394639
average w 0.021164
highest w 0.0147119
average w 0.00703845
highest w 0.359535
average w 0.158643
highest w 0.250807
average w 0.127542
highest w 9.79662
average w 4.91158
highest w 0.409392
average w 0.235935
highest w 0.00126413
average w 0.00067936
highest w 0.217768
average w 0.103819
highest w 2.8077
average w 1.64453
highest w 1.00335
average w 0.485427
highest w 0.00862462
average w 0.00557995
highest w 0.00163287
average w 0.000766388
highest w 0.445839
average w 0.206501
highest w 0.0158332
average w 0.00973427
highest w 0.54555
average w 0.299002
highest w 0.733871
average w 0.397286
highest w 0.00520818
average w 0.00271158
highest w 0.184436
average w 0.0919052
highest w 0.144953
average w 0.0830365
highest w 0.115199
average w 0.0599337
highest w 0.00754313
average w 0.00297311
highest w 0.0410036
average w 0.0193915
highest w 0.301592
average w 0.15441
highest w 0.089372
average w 0.044041
highest w 0.035219
average w 0.0167088
highest w 0.0169385
average w 0.0076125
highest w 1.08736
average w 0.443594
highest w 0.0055639
average w 0.00266468
highest w 0.0013247
average w 0.000582966
highest w 0.0789172
average w 0.0360473
highest w 0.000216964
average w 8.74056e-05
highest w 0.00100812
average w 0.000636232
highest w 6.08608
average w 2.76986
highest w 0.940125
average w 0.44475
highest w 0.538792
average w 0.253974
highest w 0.12096
average w 0.0618651
highest w 1.27337
average w 0.605482
highest w 1.50164
average w 0.55019
highest w 2.70244
average w 1.36166
highest w 0.0135921
average w 0.00618797
highest w 0.571906
average w 0.282845
highest w 0.165418
average w 0.0798545
highest w 11.7775
average w 6.35879
highest w 0.519296
average w 0.25582
highest w 0.258308
average w 0.173724
highest w 0.0999294
average w 0.0466459
highest w 0.126339
average w 0.0686854
highest w 2.07453
average w 1.15182
highest w 0.498162
average w 0.245664
highest w 1.14881
average w 0.547977
highest w 4.87807
average w 2.06529
highest w 3.0914
average w 1.70084
highest w 1.40695
average w 0.695421
highest w 0.273872
average w 0.119818
highest w 3.91394
average w 1.85055
highest w 3.1422
average w 1.41036
highest w 3.53712
average w 1.7815
highest w 0.0572696
average w 0.0269269
highest w 0.834812
average w 0.448831
highest w 2.02608
average w 0.961208
highest w 1.34912
average w 0.70953
highest w 0.205004
average w 0.0542749
highest w 0.276741
average w 0.151751
highest w 2.78211
average w 1.29879
highest w 3.78772
average w 1.73513
highest w 0.845687
average w 0.372504
highest w 3.14529
average w 1.36497
highest w 0.279077
average w 0.146072
highest w 1.3571
average w 0.727467
highest w 4.05758
average w 1.7928
highest w 1.75598
average w 0.788961
highest w 1.80786
average w 0.927668
highest w 0.0312233
average w 0.0148291
highest w 0.145759
average w 0.0577921
highest w 3.29328
average w 1.33457
highest w 1.24719
average w 0.594198
highest w 0.393432
average w 0.188418
highest w 1.0398
average w 0.497064
highest w 0.996459
average w 0.406384
highest w 0.166015
average w 0.0779893
highest w 0.356203
average w 0.183196
highest w 3.27139
average w 1.33586
highest w 1.13065
average w 0.550004
highest w 2.09332
average w 0.934303
highest w 1.32214
average w 0.693605
highest w 0.0411904
average w 0.0257843
highest w 4.55658
average w 2.10591
highest w 2.29528
average w 1.1819
highest w 0.00976759
average w 0.00414217
highest w 1.55593
average w 0.644953
highest w 1.82908
average w 0.957498
highest w 0.310077
average w 0.12399
highest w 1.70681
average w 0.840456
highest w 5.41729
average w 2.69063
highest w 0.607987
average w 0.360996
highest w 1.3757
average w 0.691399
highest w 0.57496
average w 0.230214
highest w 0.0771032
average w 0.0360044
highest w 0.216537
average w 0.104254
highest w 2.29327
average w 1.14509
highest w 0.00134814
average w 0.000689973
highest w 1.13154
average w 0.537252
highest w 0.271179
average w 0.104782
highest w 1.13798
average w 0.527545
highest w 0.0309671
average w 0.0161945
highest w 0.559404
average w 0.312253
highest w 0.202815
average w 0.12257
highest w 3.68411
average w 1.62615
highest w 2.35505
average w 1.13144
highest w 0.117687
average w 0.0526562
highest w 4.19255
average w 1.96731
highest w 1.72534
average w 0.642562
highest w 3.48602
average w 1.90838
highest w 0.0748193
average w 0.0294173
highest w 0.422091
average w 0.205485
highest w 0.263324
average w 0.143745
highest w 1.13961
average w 0.583749
highest w 0.243205
average w 0.0997268
highest w 0.312626
average w 0.16531
highest w 1.56448
average w 0.640279
highest w 0.283599
average w 0.126609
highest w 0.610186
average w 0.391448
highest w 1.02374
average w 0.572298
highest w 0.550414
average w 0.256321
highest w 1.22622
average w 0.640814
highest w 0.464791
average w 0.20557
highest w 0.253529
average w 0.107618
highest w 1.33158
average w 0.670689
highest w 0.0208281
average w 0.0093181
highest w 1.5537
average w 0.575213
highest w 0.00432916
average w 0.00226364
highest w 0.133789
average w 0.0585982
highest w 0.901836
average w 0.450692
highest w 0.399262
average w 0.245238
highest w 0.915933
average w 0.537081
highest w 0.150976
average w 0.0831215
highest w 0.352473
average w 0.164724
highest w 1.10922
average w 0.606204
highest w 0.42485
average w 0.224503
highest w 0.0621841
average w 0.0339806
highest w 1.46492
average w 0.626073
highest w 1.38394
average w 0.610197
highest w 2.07131
average w 0.869826
highest w 0.30374
average w 0.148219
highest w 3.73619
average w 1.46526
highest w 7.32804
average w 2.81914
highest w 0.0508708
average w 0.0248209
highest w 2.23484
average w 1.42306
highest w 0.310498
average w 0.137413
highest w 2.03814
average w 1.06183
highest w 1.24809
average w 0.56688
highest w 0.0564479
average w 0.0295344
highest w 1.07488
average w 0.596961
highest w 0.632105
average w 0.262999
highest w 0.00394079
average w 0.00193555
highest w 0.0826086
average w 0.0413112
highest w 3.96282
average w 2.20932
highest w 1.13199
average w 0.497876
highest w 1.72351
average w 0.856261
highest w 0.12722
average w 0.0522896
highest w 2.71701
average w 1.5154
highest w 0.506903
average w 0.26878
highest w 2.9725
average w 1.39451
highest w 0.00816716
average w 0.00433843
highest w 0.308957
average w 0.155158
highest w 0.645598
average w 0.32045
highest w 0.07227
average w 0.0367373
highest w 0.270368
average w 0.140927
highest w 0.0740271
average w 0.0345923
highest w 0.298203
average w 0.148463
highest w 1.35639
average w 0.706359
highest w 0.145061
average w 0.0702607
highest w 1.26204
average w 0.632905
highest w 0.0091684
average w 0.00715487
highest w 0.0155654
average w 0.00887707
highest w 0.00182366
average w 0.000882463
highest w 0.0133245
average w 0.00773632
highest w 1.76357
average w 0.832406
highest w 0.935523
average w 0.553573
highest w 0.0386853
average w 0.0236389
highest w 0.0420031
average w 0.0225229
highest w 0.0423298
average w 0.0157422
highest w 0.00705898
average w 0.00338472
highest w 0.000311023
average w 0.000179092
highest w 0.281755
average w 0.135717
highest w 3.73036
average w 1.9552
highest w 0.534194
average w 0.245426
highest w 0.269095
average w 0.134464
highest w 2.27038
average w 1.01441
highest w 1.82837
average w 0.954664
highest w 0.0752338
average w 0.043483
highest w 0.0172318
average w 0.00591605
highest w 1.65059
average w 0.74546
highest w 0.293399
average w 0.15851
highest w 0.00363407
average w 0.00192847
highest w 1.54502
average w 0.645615
highest w 1.27031e-05
average w 8.25511e-06
highest w 0.126463
average w 0.057939
highest w 0.0443245
average w 0.0181562
highest w 0.0469008
average w 0.0232511
highest w 0.113409
average w 0.0637686
highest w 0.887552
average w 0.47975
highest w 0.230347
average w 0.108899
highest w 0.014683
average w 0.00888973
highest w 0.0683402
average w 0.0299435
highest w 0.1729
average w 0.0866476
highest w 0.00261172
average w 0.00147772
highest w 0.00830656
average w 0.00484833
highest w 0.0482906
average w 0.0239246
highest w 1.89906
average w 1.07225
highest w 0.459504
average w 0.227468
highest w 0.010184
average w 0.00658134
highest w 0.0441516
average w 0.0240694
highest w 0.904505
average w 0.45381
highest w 2.94715
average w 1.52054
highest w 0.179546
average w 0.082546
highest w 0.00110624
average w 0.000572604
highest w 0.0320438
average w 0.015542
highest w 8.71254
average w 3.68247
highest w 0.0414341
average w 0.0169859
highest w 0.0705804
average w 0.0247744
highest w 0.475654
average w 0.241932
highest w 0.00699879
average w 0.00390778
highest w 0.0034603
average w 0.00189974
highest w 0.00116219
average w 0.000807739
highest w 0.653891
average w 0.363103
highest w 0.0217038
average w 0.00932015
highest w 0.0882811
average w 0.0451689
highest w 1.37678
average w 0.556598
highest w 0.0138634
average w 0.00740089
highest w 0.107553
average w 0.0555213
highest w 0.0618633
average w 0.0391173
highest w 2.21066
average w 1.15094
highest w 5.84793e-05
average w 2.8271e-05
highest w 0.00930697
average w 0.00489472
highest w 0.0122925
average w 0.00679878
highest w 0.521914
average w 0.245307
highest w 0.443879
average w 0.215948
highest w 0.408914
average w 0.214905
highest w 0.0137649
average w 0.00724518
highest w 0.000146741
average w 8.54306e-05
highest w 0.00836855
average w 0.00413851
highest w 0.0103889
average w 0.00467493
highest w 0.0029788
average w 0.00169395
highest w 0.0518146
average w 0.0256434
highest w 4.69492
average w 2.97131
highest w 0.000261913
average w 0.000146477
highest w 0.00683814
average w 0.00407316
highest w 0.00048247
average w 0.000272409
highest w 0.00128102
average w 0.000853213
highest w 0.0673817
average w 0.0353598
highest w 0.0140955
average w 0.00621954
highest w 0.0245016
average w 0.0133107
highest w 0.273167
average w 0.135388
highest w 0.00202103
average w 0.00104937
highest w 2.4346
average w 1.17874
highest w 0.518779
average w 0.220089
highest w 0.000781616
average w 0.000449849
highest w 0.0287097
average w 0.0116186
highest w 0.0220697
average w 0.0132656
highest w 0.000529469
average w 0.000190986
highest w 0.0212755
average w 0.0124354
highest w 0.00570183
average w 0.00331936
highest w 0.398638
average w 0.146234
highest w 0.0132677
average w 0.00638427
highest w 0.0854686
average w 0.0407723
highest w 0.00231616
average w 0.000972583
highest w 0.226657
average w 0.120766
highest w 0.240281
average w 0.109014
highest w 0.0675136
average w 0.0326603
highest w 0.507575
average w 0.314047
highest w 0.00326724
average w 0.0015234
highest w 1.35656
average w 0.832786
highest w 0.00352738
average w 0.00184231
highest w 0.0872157
average w 0.0480351
highest w 0.0371937
average w 0.024253
highest w 0.00204154
average w 0.00109593
highest w 0.0284545
average w 0.013427
highest w 1.85004
average w 1.00946
highest w 0.0844027
average w 0.0341388
highest w 0.696153
average w 0.435746
highest w 0.0317404
average w 0.0174198
highest w 0.0696285
average w 0.0360092
highest w 3.70733e-05
average w 1.65315e-05
highest w 0.0130948
average w 0.00640158
highest w 0.000265496
average w 0.000132012
highest w 0.572213
average w 0.281444
highest w 0.0589084
average w 0.0324427
highest w 0.168196
average w 0.111256
highest w 0.186577
average w 0.0786489
highest w 0.00480672
average w 0.00266974
highest w 0.300963
average w 0.170877
highest w 1.9421
average w 1.05605
highest w 0.00548027
average w 0.00276155
highest w 0.693867
average w 0.368945
highest w 0.00366828
average w 0.00264099
highest w 0.00926737
average w 0.00626859
highest w 0.0373267
average w 0.0184414
highest w 0.468804
average w 0.210185
highest w 0.0505144
average w 0.0249273
highest w 0.00451504
average w 0.00216591
highest w 0.603593
average w 0.349521
highest w 0.0498418
average w 0.0236573
highest w 1.11479
average w 0.556751
highest w 0.00503269
average w 0.002901
highest w 0.0159155
average w 0.00712931
highest w 1.24005
average w 0.787039
highest w 0.212111
average w 0.127552
highest w 0.0290495
average w 0.0156124
highest w 0.0883521
average w 0.0416763
highest w 0.0192058
average w 0.00984908
highest w 0.122076
average w 0.0533734
highest w 0.744169
average w 0.395099
highest w 0.146429
average w 0.0784471
highest w 0.457047
average w 0.252605
highest w 1.94338
average w 0.901758
highest w 0.164478
average w 0.0734695
highest w 0.0814002
average w 0.0471721
highest w 4.67623
average w 2.05359
highest w 1.56888
average w 0.684077
highest w 0.24697
average w 0.143686
highest w 0.798195
average w 0.358618
highest w 1.01588
average w 0.490779
highest w 4.22112
average w 1.79838
highest w 0.0078687
average w 0.00389738
highest w 0.0173456
average w 0.00972737
highest w 0.454058
average w 0.237833
highest w 0.728231
average w 0.356505
highest w 1.80108
average w 0.645563
highest w 0.207339
average w 0.109544
highest w 2.9086
average w 1.13993
highest w 0.0139414
average w 0.00722088
highest w 2.46982
average w 1.01656
highest w 2.54632
average w 1.09232
highest w 0.20254
average w 0.0950674
highest w 0.00380877
average w 0.00158647
highest w 0.181101
average w 0.0765203
highest w 0.00918943
average w 0.0038753
highest w 4.28193
average w 1.84884
highest w 0.105135
average w 0.0553337
highest w 1.15465
average w 0.530128
highest w 3.32365
average w 2.1188
highest w 4.03659
average w 1.97623
highest w 0.989284
average w 0.439858
highest w 0.0622736
average w 0.0337452
highest w 0.0845833
average w 0.0445002
highest w 3.74598
average w 1.70489
highest w 0.0506682
average w 0.0221539
highest w 0.230597
average w 0.159693
highest w 1.91437
average w 0.89225
highest w 0.0896036
average w 0.0475392
highest w 0.680526
average w 0.269512
highest w 0.000718988
average w 0.00032474
highest w 0.869351
average w 0.444631
highest w 0.597477
average w 0.262766
highest w 0.0332018
average w 0.0208299
highest w 0.0054805
average w 0.00234812
highest w 1.42051
average w 0.72423
highest w 0.466562
average w 0.232045
highest w 0.0256109
average w 0.0127077
highest w 2.6503
average w 1.27478
highest w 0.877749
average w 0.342296
highest w 0.543192
average w 0.232221
highest w 0.43537
average w 0.201047
highest w 0.397045
average w 0.176843
highest w 0.929719
average w 0.474689
highest w 3.76985
average w 1.71174
highest w 0.0576162
average w 0.0242446
highest w 0.57637
average w 0.259435
highest w 1.40343
average w 0.49345
highest w 2.21888
average w 1.29336
highest w 1.47703
average w 0.722331
highest w 0.939141
average w 0.430001
highest w 0.0666781
average w 0.0314377
highest w 0.275498
average w 0.145431
highest w 0.00288632
average w 0.00128559
highest w 2.74646
average w 1.44513
highest w 0.00730294
average w 0.00313834
highest w 0.0909284
average w 0.0581121
highest w 0.699269
average w 0.390318
highest w 0.0663978
average w 0.0356749
highest w 7.11805
average w 3.26076
highest w 0.0965748
average w 0.0580534
highest w 0.911014
average w 0.47406
highest w 0.362088
average w 0.162466
highest w 0.120228
average w 0.0505988
highest w 0.00258768
average w 0.00112081
highest w 0.269139
average w 0.141325
highest w 0.0370532
average w 0.021498
highest w 0.102876
average w 0.0497927
highest w 0.0283956
average w 0.0139481
highest w 0.231319
average w 0.147487
highest w 0.114986
average w 0.0561603
highest w 0.0151371
average w 0.00788156
highest w 0.0670709
average w 0.030149
highest w 0.00452738
average w 0.00313288
highest w 0.264559
average w 0.133335
highest w 6.8629
average w 2.82493
highest w 0.121228
average w 0.0760239
highest w 0.0766979
average w 0.0428517
highest w 0.545763
average w 0.240768
highest w 0.57506
average w 0.228051
highest w 0.316606
average w 0.18966
highest w 0.00257111
average w 0.00117393
highest w 5.32162
average w 2.65578
highest w 0.77421
average w 0.349697
highest w 0.0021309
average w 0.00104542
highest w 2.28392
average w 1.12064
highest w 0.698643
average w 0.374992
highest w 1.10881
average w 0.44855
highest w 0.00158562
average w 0.000830436
highest w 0.00423277
average w 0.00239053
highest w 0.0042007
average w 0.00232206
highest w 0.103002
average w 0.0467946
highest w 0.154274
average w 0.0874322
highest w 0.157517
average w 0.0627742
highest w 0.332582
average w 0.200598
highest w 0.0358212
average w 0.0175863
highest w 0.00611672
average w 0.00312318
highest w 2.01066
average w 1.11536
highest w 0.0160412
average w 0.00605622
highest w 0.00877863
average w 0.00325755
highest w 0.0473525
average w 0.0237784
highest w 2.62407
average w 1.28124
highest w 0.130409
average w 0.0699779
highest w 1.61957
average w 0.690519
highest w 0.0212887
average w 0.0135925
highest w 0.125839
average w 0.0525037
highest w 0.00432175
average w 0.00230669
highest w 0.100098
average w 0.0524305
highest w 1.50199
average w 0.632203
highest w 0.263959
average w 0.169486
highest w 0.0232281
average w 0.0121395
highest w 1.6494
average w 0.868383
highest w 0.411405
average w 0.251705
highest w 0.0812043
average w 0.0415958
highest w 0.126483
average w 0.0698376
highest w 0.644603
average w 0.378683
highest w 0.00120296
average w 0.000466034
highest w 0.0227721
average w 0.0114184
highest w 0.643824
average w 0.331395
highest w 0.604321
average w 0.325473
highest w 0.309524
average w 0.156076
highest w 0.00326315
average w 0.00182676
highest w 0.390922
average w 0.229347
highest w 0.122348
average w 0.0536192
highest w 0.00526234
average w 0.00260143
highest w 0.00812252
average w 0.00408597
highest w 0.612584
average w 0.394642
highest w 2.67654
average w 1.46636
highest w 0.305433
average w 0.128096
highest w 0.311
average w 0.149616
highest w 2.44723
average w 1.22291
highest w 0.00827406
average w 0.00432149
highest w 0.304568
average w 0.164341
highest w 0.00716194
average w 0.00298759
highest w 2.01199
average w 1.23241
highest w 0.00180051
average w 0.000901805
highest w 3.65917
average w 1.79095
highest w 2.35459
average w 1.41965
highest w 4.75996e-05
average w 2.21811e-05
highest w 1.4345
average w 0.937864
highest w 0.016028
average w 0.00691544
highest w 0.0127217
average w 0.00689991
highest w 8.99145
average w 6.19061
highest w 0.00502782
average w 0.00231398
highest w 0.00988957
average w 0.00543032
highest w 0.100107
average w 0.0410738
highest w 0.000766071
average w 0.000375791
highest w 0.333043
average w 0.174869
highest w 0.0614679
average w 0.0296614
highest w 0.854819
average w 0.536798
highest w 0.37588
average w 0.160355
highest w 0.00103319
average w 0.000535834
highest w 0.0399418
average w 0.0256575
highest w 0.0134051
average w 0.00546229
highest w 0.40282
average w 0.206004
highest w 0.671535
average w 0.277873
highest w 0.00334444
average w 0.00133899
highest w 1.21993
average w 0.638611
highest w 0.0308953
average w 0.01412
highest w 3.40694
average w 2.31007
highest w 0.126144
average w 0.0831713
highest w 0.00106278
average w 0.000512128
highest w 0.0830911
average w 0.0493007
highest w 0.0815385
average w 0.036163
highest w 0.758141
average w 0.423177
highest w 6.07062e-05
average w 3.93778e-05
highest w 0.117261
average w 0.0623403
highest w 0.004204
average w 0.00228701
highest w 1.5804
average w 1.14315
highest w 0.0475676
average w 0.0316289
highest w 0.0240555
average w 0.0130314
highest w 0.00524695
average w 0.0030566
highest w 0.0371632
average w 0.0186442
highest w 0.00704536
average w 0.00408806
highest w 1.61498
average w 0.859925
highest w 0.856279
average w 0.423282
highest w 0.00991639
average w 0.00520396
highest w 0.0492862
average w 0.0294214
highest w 0
average w 0
highest w 0.0314764
average w 0.0144478
highest w 0.063032
average w 0.0297225
highest w 3.08578
average w 1.62893
highest w 0.021772
average w 0.0107038
highest w 0.0655469
average w 0.0338879
highest w 0.451695
average w 0.19613
highest w 0.484795
average w 0.252837
highest w 0.208205
average w 0.115407
highest w 0.121559
average w 0.0567025
highest w 0.566188
average w 0.28485
highest w 2.50732
average w 1.11122
highest w 0.243012
average w 0.11612
highest w 0.539116
average w 0.267595
highest w 0.117593
average w 0.0634162
highest w 3.28615
average w 1.65333
highest w 0.219775
average w 0.148385
highest w 0.155867
average w 0.0759244
highest w 0.00326629
average w 0.00171086
highest w 4.66682
average w 2.51248
highest w 0.722373
average w 0.325521
highest w 5.68847
average w 2.41965
highest w 0.00527513
average w 0.0030526
highest w 1.07032
average w 0.494509
highest w 0.388447
average w 0.203703
highest w 0.958354
average w 0.406666
highest w 0.104977
average w 0.0591913
highest w 0.245058
average w 0.111924
highest w 0.271768
average w 0.147977
highest w 0.576058
average w 0.277293
highest w 0.0442049
average w 0.0213547
highest w 0.774933
average w 0.357096
highest w 0.0560083
average w 0.028337
highest w 0.0152576
average w 0.00680405
highest w 0.0224519
average w 0.0106948
highest w 0.397852
average w 0.216236
highest w 0.0041319
average w 0.00204473
highest w 0.0753597
average w 0.0357725
highest w 2.11595e-06
average w 9.0351e-07
highest w 0.0631023
average w 0.0289578
highest w 0.218709
average w 0.0710421
highest w 0.41771
average w 0.211936
highest w 9.29419
average w 4.5198
highest w 0.110093
average w 0.0479304
highest w 0.225862
average w 0.143682
highest w 0.074576
average w 0.0345639
highest w 1.18662
average w 0.668161
highest w 0.493965
average w 0.256222
highest w 1.07139
average w 0.507102
highest w 2.24737
average w 0.884192
highest w 0.0313846
average w 0.0209675
highest w 0.000589283
average w 0.00036441
highest w 0.0347537
average w 0.0152654
highest w 2.30248
average w 1.00248
highest w 2.64132
average w 1.3156
highest w 0.130959
average w 0.0565452
highest w 2.89593
average w 1.41848
highest w 0.0932916
average w 0.0437022
highest w 5.27015
average w 2.61866
highest w 1.51745
average w 0.654692
highest w 0.000510274
average w 0.000259547
highest w 0.257053
average w 0.123005
highest w 0.0936181
average w 0.043077
highest w 0.100219
average w 0.0524827
highest w 0.465414
average w 0.216682
highest w 0.0299745
average w 0.0139712
highest w 0.296869
average w 0.145961
highest w 0.396574
average w 0.165378
highest w 0.113051
average w 0.0696533
highest w 0.0843196
average w 0.0434432
highest w 0.565445
average w 0.204283
highest w 0.143458
average w 0.0677543
highest w 2.85485
average w 1.4922
highest w 0.0230347
average w 0.0136673
highest w 0.280985
average w 0.115355
highest w 1.28905
average w 0.609293
highest w 0.179733
average w 0.0790487
highest w 0.382901
average w 0.177583
highest w 0.205586
average w 0.0823722
highest w 0.410074
average w 0.218323
highest w 0.925175
average w 0.446127
highest w 0.233395
average w 0.101141
highest w 0.00777153
average w 0.00364357
highest w 0.00159688
average w 0.000816893
highest w 0.967333
average w 0.570723
highest w 0.0846844
average w 0.0382649
highest w 0.57957
average w 0.271369
highest w 0.0975093
average w 0.0562147
highest w 0.120588
average w 0.0656088
highest w 0.201475
average w 0.103975
highest w 0.00542305
average w 0.00338763
highest w 1.85806e-05
average w 8.69164e-06
highest w 1.66581
average w 0.680165
highest w 1.5974
average w 0.746943
highest w 2.85941
average w 1.30228
highest w 9.47125
average w 3.82688
highest w 1.08034
average w 0.521074
highest w 0.0583092
average w 0.0266154
highest w 0.402804
average w 0.181486
highest w 2.65611
average w 1.26338
highest w 0.109948
average w 0.0479301
highest w 1.46642
average w 0.726514
highest w 0.000316467
average w 0.000185881
highest w 0.0164597
average w 0.00724148
highest w 0.594121
average w 0.324394
highest w 0.831769
average w 0.347566
highest w 1.08783
average w 0.588324
highest w 2.74401
average w 1.31694
highest w 1.20346
average w 0.603833
highest w 1.06041
average w 0.569976
highest w 0.00753364
average w 0.0041018
highest w 0.443015
average w 0.208406
highest w 0.861191
average w 0.374711
highest w 0.226647
average w 0.0927036
highest w 0.0295976
average w 0.0136876
highest w 0.273843
average w 0.139619
highest w 2.72993
average w 1.48321
highest w 0.458003
average w 0.22511
highest w 0.0974102
average w 0.0515094
highest w 0.107541
average w 0.0500424
highest w 0.0324912
average w 0.0179443
highest w 0.138705
average w 0.0518382
highest w 0.338117
average w 0.166705
highest w 0.210562
average w 0.0894577
highest w 0.300883
average w 0.183341
highest w 0.0389277
average w 0.021536
highest w 0.395585
average w 0.196545
highest w 0.148827
average w 0.0595773
highest w 0.286476
average w 0.146045
highest w 1.06124
average w 0.625346
highest w 0.00484129
average w 0.00269234
highest w 0.117613
average w 0.0553273
highest w 0.0642081
average w 0.0337671
highest w 0.93649
average w 0.40826
highest w 0.214692
average w 0.10724
highest w 0.026576
average w 0.0136093
highest w 0.891784
average w 0.501632
highest w 0.118089
average w 0.0609716
highest w 0.00205915
average w 0.00109584
highest w 0.584555
average w 0.288328
highest w 0.0716145
average w 0.0378268
highest w 0.0585341
average w 0.0324264
highest w 0.426404
average w 0.227142
highest w 0.0497055
average w 0.022968
highest w 0.968855
average w 0.515281
highest w 1.24456
average w 0.665034
highest w 0.0690258
average w 0.0309823
highest w 0.0222
average w 0.0127735
highest w 0.393637
average w 0.202677
highest w 0.946447
average w 0.438289
highest w 0.00165024
average w 0.0009514
highest w 1.32183
average w 0.604334
highest w 0.110823
average w 0.047291
highest w 0.0845063
average w 0.0368503
highest w 0.127627
average w 0.0645045
highest w 2.46949
average w 1.33658
highest w 0.543455
average w 0.260761
highest w 2.11418
average w 0.982116
highest w 0.723014
average w 0.318875
highest w 0.180665
average w 0.0819605
highest w 1.04456
average w 0.519632
highest w 1.62102
average w 0.918735
highest w 0.000574377
average w 0.000263322
highest w 0.00325038
average w 0.00147477
highest w 0.32065
average w 0.191137
highest w 0.278871
average w 0.141371
highest w 5.60388
average w 2.6702
highest w 0.093993
average w 0.0522787
highest w 0.0200943
average w 0.0121965
highest w 0.000216945
average w 0.000127553
highest w 0.000517891
average w 0.000261484
highest w 0.0261258
average w 0.0115846
highest w 0.154915
average w 0.0895
highest w 0.0425917
average w 0.0220177
highest w 4.21512
average w 2.07759
highest w 0.83763
average w 0.424316
highest w 0.105407
average w 0.0428465
highest w 0.628201
average w 0.294401
highest w 0.187736
average w 0.107105
highest w 0.232241
average w 0.141065
highest w 0.695804
average w 0.360068
highest w 0.325211
average w 0.159082
highest w 0.249615
average w 0.114559
highest w 0.0490556
average w 0.0261636
highest w 1.04561
average w 0.530694
highest w 0.606025
average w 0.340216
highest w 0.0702207
average w 0.0244412
highest w 0.128699
average w 0.0698663
highest w 0.173491
average w 0.104237
highest w 0.552882
average w 0.268864
highest w 0.397384
average w 0.20304
highest w 0.0217108
average w 0.0112609
highest w 0.0147501
average w 0.00817014
highest w 0.165987
average w 0.086739
highest w 0.0017119
average w 0.000978201
highest w 0.0277773
average w 0.0119288
highest w 0.522815
average w 0.291496
highest w 1.09129
average w 0.54695
highest w 0.198297
average w 0.106736
highest w 0.0957658
average w 0.057732
highest w 1.09015
average w 0.584951
highest w 0.509552
average w 0.196417
highest w 0.754707
average w 0.352745
highest w 4.43187
average w 2.38112
highest w 0.441382
average w 0.243826
highest w 0.137755
average w 0.072106
highest w 0.428638
average w 0.199325
highest w 2.61507
average w 1.1472
highest w 0.303076
average w 0.133534
highest w 0.210731
average w 0.0908711
highest w 0.153452
average w 0.0846693
highest w 3.87402
average w 2.1733
highest w 0.73059
average w 0.399611
highest w 0.228804
average w 0.127676
highest w 0.00296939
average w 0.0014007
highest w 0.744043
average w 0.370603
highest w 0.141303
average w 0.0790625
highest w 0.0148633
average w 0.00744141
highest w 0.120011
average w 0.0590288
highest w 0.0426235
average w 0.0207504
highest w 0.00094214
average w 0.000508569
highest w 0.132748
average w 0.0725587
highest w 0.17491
average w 0.0847474
highest w 0.0567897
average w 0.0232993
highest w 0.123743
average w 0.0607465
highest w 0.882508
average w 0.328131
highest w 0.0299702
average w 0.0167029
highest w 0.00433595
average w 0.0027288
highest w 1.67756
average w 0.869021
highest w 0.00310043
average w 0.00157529
highest w 1.39086
average w 0.682306
highest w 0.631318
average w 0.332693
highest w 3.51252
average w 1.79484
highest w 0.326034
average w 0.157445
highest w 3.45158
average w 1.55415
highest w 4.50507
average w 2.47937
highest w 1.35634
average w 0.580212
highest w 0.0407282
average w 0.0206779
highest w 0.99623
average w 0.41327
highest w 0.701738
average w 0.348046
highest w 2.43589
average w 1.17348
highest w 3.11765
average w 1.42069
highest w 0.621972
average w 0.309108
highest w 1.65877
average w 0.763554
highest w 0.946449
average w 0.393165
highest w 1.41599
average w 0.771197
highest w 4.14194
average w 2.49001
highest w 3.31098
average w 1.39598
highest w 0.15702
average w 0.0743622
highest w 0.229361
average w 0.140067
highest w 5.65688
average w 3.15796
highest w 0.736112
average w 0.329434
highest w 0.0673605
average w 0.0375739
highest w 0.395934
average w 0.206179
highest w 0.0013546
average w 0.000834169
highest w 0.0965029
average w 0.0388814
highest w 0.000412888
average w 0.000204831
highest w 1.37627
average w 0.689594
highest w 0.0489904
average w 0.0221933
highest w 0.0164822
average w 0.00752678
highest w 0.0317063
average w 0.016866
highest w 0.338582
average w 0.169241
highest w 0.00199992
average w 0.000970188
highest w 1.4557
average w 0.90189
highest w 3.17273
average w 1.72633
highest w 2.14432
average w 1.2074
highest w 0.221522
average w 0.124717
highest w 0.00189471
average w 0.000928757
highest w 0.726125
average w 0.416156
highest w 0.00149883
average w 0.000557558
highest w 0.0623556
average w 0.0240834
highest w 0.0163703
average w 0.0086577
highest w 0.00368185
average w 0.0016405
highest w 0.0500261
average w 0.0200454
highest w 0.178914
average w 0.0704456
highest w 0.146338
average w 0.0777855
highest w 0.00982135
average w 0.00520638
highest w 0.320461
average w 0.148955
highest w 0.135855
average w 0.0672172
highest w 0.930719
average w 0.441567
highest w 0.0116386
average w 0.00699683
highest w 6.14392
average w 3.5102
highest w 0.3782
average w 0.155437
highest w 0.000593916
average w 0.000285125
highest w 0.0301003
average w 0.0154125
highest w 0.00444889
average w 0.00248486
highest w 3.22455
average w 1.57989
highest w 0.010488
average w 0.00483879
highest w 0.399509
average w 0.21422
highest w 0.0108629
average w 0.00594734
highest w 0.228211
average w 0.106056
highest w 0.00477264
average w 0.00210262
highest w 0.0683142
average w 0.0259647
highest w 0.246821
average w 0.125805
highest w 0.00629196
average w 0.00268814
highest w 1.19928
average w 0.528943
highest w 2.19787
average w 1.29211
highest w 0.00092647
average w 0.000474177
highest w 0.116543
average w 0.0503781
highest w 0.00118713
average w 0.000711352
highest w 0.864881
average w 0.44889
highest w 0.0578938
average w 0.0369031
highest w 0.0079939
average w 0.0046095
highest w 0.000461488
average w 0.000265403
highest w 0.00421179
average w 0.00216947
highest w 0.415129
average w 0.222115
highest w 0.00837988
average w 0.00432425
highest w 0.045511
average w 0.029935
highest w 0.0589728
average w 0.0223493
highest w 0.0207382
average w 0.0110882
highest w 3.0654
average w 1.29518
highest w 0.19933
average w 0.0946715
highest w 0.0239441
average w 0.0146278
highest w 0.193662
average w 0.0981934
highest w 0.0166394
average w 0.0084609
highest w 0.0172514
average w 0.0103422
highest w 1.45857
average w 0.864937
highest w 0.121332
average w 0.0644084
highest w 0.0441777
average w 0.0225139
highest w 0.0390981
average w 0.0277479
highest w 0.0463046
average w 0.0260558
highest w 0.268102
average w 0.152967
highest w 3.47092
average w 1.89775
highest w 0.125155
average w 0.0689032
highest w 1.0798
average w 0.485773
highest w 0.0804286
average w 0.054741
highest w 0.110649
average w 0.0558181
highest w 0.137399
average w 0.0664874
highest w 4.60655
average w 2.05959
highest w 0.347939
average w 0.171442
highest w 0.0382884
average w 0.0179809
highest w 0.87325
average w 0.407694
highest w 0.000979068
average w 0.000584455
highest w 0.0582117
average w 0.0272749
highest w 0.696167
average w 0.30865
highest w 1.18918
average w 0.574909
highest w 0.173019
average w 0.0740157
highest w 0.000409661
average w 0.000201077
highest w 0.351946
average w 0.176707
highest w 0.773128
average w 0.353909
highest w 0.00643041
average w 0.00363945
highest w 0.0184013
average w 0.00804015
highest w 0.115417
average w 0.0617957
highest w 0.993565
average w 0.446497
highest w 1.2394
average w 0.715676
highest w 0.0150611
average w 0.00846219
highest w 0.0792356
average w 0.0367727
highest w 0.0542567
average w 0.0336484
highest w 0.00855572
average w 0.00549883
highest w 0.227118
average w 0.124054
highest w 0.512832
average w 0.2694
highest w 0.434989
average w 0.230073
highest w 0.0213487
average w 0.0108718
highest w 1.93465
average w 1.11879
highest w 0.0676282
average w 0.0335776
highest w 0.0147533
average w 0.00760739
highest w 0.391197
average w 0.271249
highest w 0.0210569
average w 0.0101779
highest w 0.00050038
average w 0.000282236
highest w 0.335114
average w 0.184742
highest w 0.00308833
average w 0.00190926
highest w 0.231016
average w 0.105337
highest w 0.247517
average w 0.110513
highest w 0.102104
average w 0.0431458
highest w 0.145475
average w 0.0769811
highest w 0.608559
average w 0.310213
highest w 5.85227
average w 2.79674
highest w 0.225554
average w 0.088278
highest w 3.03491
average w 1.22185
highest w 4.11192
average w 1.53037
highest w 1.03749
average w 0.480112
highest w 0.97449
average w 0.388937
highest w 0.249737
average w 0.113206
highest w 0.409545
average w 0.191606
highest w 0.0289849
average w 0.0126636
highest w 0.606058
average w 0.36582
highest w 0.420101
average w 0.247612
highest w 1.43562
average w 0.540295
highest w 2.99241
average w 1.45916
highest w 1.95258
average w 0.892123
highest w 0.0559616
average w 0.0271574
highest w 0.00736155
average w 0.00425081
highest w 1.16292
average w 0.647533
highest w 2.96627
average w 1.5211
highest w 2.95581
average w 1.42858
highest w 0.0598752
average w 0.0297503
highest w 0.94868
average w 0.365376
highest w 3.90163
average w 1.74398
highest w 0.0117626
average w 0.00576839
highest w 3.0518
average w 1.41415
highest w 7.4157
average w 2.84004
highest w 0.529775
average w 0.232747
highest w 0.631584
average w 0.301229
highest w 0.19283
average w 0.091421
highest w 4.35294
average w 2.2369
highest w 2.66229
average w 1.15483
highest w 0.589904
average w 0.308805
highest w 4.35581
average w 2.38449
highest w 0.0553543
average w 0.0225753
highest w 0.141474
average w 0.0678939
highest w 0.561645
average w 0.266506
highest w 7.52111
average w 3.64754
highest w 0.132884
average w 0.0594334
highest w 0.455017
average w 0.1781
highest w 3.77116
average w 1.35084
highest w 0.0562469
average w 0.0266691
highest w 4.36057
average w 2.03472
highest w 1.44521
average w 0.745585
highest w 1.26103
average w 0.624054
highest w 0.0164539
average w 0.00718057
highest w 0.0107
average w 0.00593721
highest w 1.11001
average w 0.434017
highest w 2.11625
average w 1.13649
highest w 2.21735
average w 0.965721
highest w 0.00857446
average w 0.00388488
highest w 2.78506
average w 1.19177
highest w 3.54916
average w 1.61554
highest w 0.168319
average w 0.0698608
highest w 0.0205032
average w 0.0105034
highest w 0.0713719
average w 0.0264197
highest w 2.39862
average w 1.24465
highest w 0.0291359
average w 0.0138559
highest w 1.44292
average w 0.874048
highest w 0.00602517
average w 0.00227882
highest w 0.0360229
average w 0.0216162
highest w 0.212198
average w 0.107267
highest w 0.0295846
average w 0.0119326
highest w 1.03705
average w 0.482393
highest w 0.850142
average w 0.445799
highest w 0.00308483
average w 0.00153711
highest w 0.0327793
average w 0.0166005
highest w 0.249639
average w 0.109805
highest w 2.99942
average w 1.7926
highest w 0.181134
average w 0.0844191
highest w 0.557515
average w 0.30905
highest w 1.24653
average w 0.630898
highest w 0.11532
average w 0.0550086
highest w 0.172859
average w 0.079976
highest w 2.03307
average w 0.720556
highest w 2.54634
average w 1.35485
highest w 0.294869
average w 0.127268
highest w 0.291716
average w 0.127301
highest w 0.574159
average w 0.238977
highest w 0.113253
average w 0.0589843
highest w 2.65447
average w 1.43206
highest w 0.422046
average w 0.207607
highest w 0.0389925
average w 0.0158847
highest w 1.31172
average w 0.603996
highest w 4.97401
average w 2.18158
highest w 0.0235561
average w 0.011747
highest w 0.245558
average w 0.10944
highest w 4.05138
average w 1.89168
highest w 0.715802
average w 0.414486
highest w 4.44634
average w 2.58845
highest w 0.764028
average w 0.384298
highest w 0.294055
average w 0.123575
highest w 1.27062
average w 0.60059
highest w 2.80069
average w 1.24595
highest w 0.321532
average w 0.192645
highest w 2.13054
average w 0.777875
highest w 0.00102781
average w 0.000634791
highest w 0.1244
average w 0.068668
highest w 0.416092
average w 0.178878
highest w 0.00420634
average w 0.00186136
highest w 0.0657589
average w 0.0274236
highest w 0.0538477
average w 0.0244051
highest w 1.16572
average w 0.661591
highest w 0.0207366
average w 0.0117759
highest w 0.398207
average w 0.174978
highest w 0.00035599
average w 0.000170885
highest w 3.98275
average w 1.81463
highest w 0.000320256
average w 0.000182829
highest w 0.372246
average w 0.181333
highest w 4.6409
average w 2.40766
highest w 0.3846
average w 0.158531
highest w 0.220377
average w 0.11452
highest w 0.943739
average w 0.45663
highest w 0.445467
average w 0.205211
highest w 1.08479
average w 0.54148
highest w 0.00444886
average w 0.00209474
highest w 2.82449
average w 1.38415
highest w 1.94919
average w 0.877323
highest w 0.0844678
average w 0.0386205
highest w 0.766423
average w 0.396568
highest w 0.445606
average w 0.232777
highest w 0.92487
average w 0.45464
highest w 0.428902
average w 0.240079
highest w 6.36058
average w 3.47237
highest w 0.301655
average w 0.184311
highest w 0.011615
average w 0.00531796
highest w 2.2017
average w 1.04248
highest w 1.31218
average w 0.729555
highest w 0.147672
average w 0.0845642
highest w 0.612151
average w 0.288392
highest w 0.0100963
average w 0.00606174
highest w 0.157607
average w 0.0838903
highest w 0.0803614
average w 0.0392114
highest w 1.42819
average w 0.679311
highest w 0.846101
average w 0.376848
highest w 0.0535272
average w 0.0308378
highest w 2.54207
average w 1.20263
highest w 0.182348
average w 0.095188
highest w 1.15483
average w 0.618451
highest w 0.206461
average w 0.0964447
highest w 0.0936745
average w 0.0546721
highest w 3.0139
average w 1.19773
highest w 0.204271
average w 0.115613
highest w 2.36778
average w 1.21425
highest w 0.218804
average w 0.0934796
highest w 4.1074
average w 1.81319
highest w 0.158074
average w 0.0765643
highest w 0.374521
average w 0.193909
highest w 0.13799
average w 0.0502776
highest w 0.585235
average w 0.219757
highest w 0.126401
average w 0.0582263
highest w 18.4587
average w 8.50809
highest w 2.18181
average w 1.16179
highest w 0.680718
average w 0.396135
highest w 0.313966
average w 0.133729
highest w 1.12346
average w 0.512968
highest w 2.23067
average w 0.799539
highest w 2.00727
average w 1.03106
highest w 0.771753
average w 0.408236
highest w 0.056636
average w 0.0261719
highest w 0.0184065
average w 0.00846641
highest w 0.0261396
average w 0.0125278
highest w 0.198525
average w 0.103278
highest w 5.39611
average w 2.82972
highest w 0.0168045
average w 0.00731436
highest w 0.0607096
average w 0.0337255
highest w 0.905491
average w 0.352596
highest w 1.97817
average w 0.895617
highest w 0.100925
average w 0.0559671
highest w 4.54855
average w 1.79984
highest w 0.00705806
average w 0.00386677
highest w 0.0130417
average w 0.00662921
highest w 0.0802578
average w 0.0409477
highest w 0.0117349
average w 0.00690633
highest w 0.12015
average w 0.0618203
highest w 0.181611
average w 0.0949071
highest w 0.096787
average w 0.0483313
highest w 0.0304556
average w 0.0150163
highest w 0.0257183
average w 0.0097514
highest w 0.510713
average w 0.304495
highest w 0.439068
average w 0.197302
highest w 0.454821
average w 0.179351
highest w 0.00844579
average w 0.00321343
highest w 0.0776736
average w 0.0445975
highest w 0.0226219
average w 0.0134818
highest w 0.11475
average w 0.0503456
highest w 1.51195
average w 0.691643
highest w 0.00145979
average w 0.000870988
highest w 0.0669835
average w 0.028742
highest w 0.0197976
average w 0.0101735
highest w 0.425007
average w 0.184089
highest w 0.320921
average w 0.180316
highest w 0.0558658
average w 0.0290256
highest w 0.137235
average w 0.0762185
highest w 5.41887
average w 2.24662
highest w 1.18619
average w 0.633023
highest w 0.0300525
average w 0.0169438
highest w 0.00244218
average w 0.00139716
highest w 0.0569719
average w 0.0306313
highest w 0.177514
average w 0.0705924
highest w 0.000369109
average w 0.000140777
highest w 0.0651367
average w 0.0292218
highest w 3.58152
average w 1.83367
highest w 0.000399431
average w 0.000236706
highest w 0.0102209
average w 0.00547449
highest w 0.102232
average w 0.0619444
highest w 1.08296
average w 0.608252
highest w 0.185307
average w 0.111352
highest w 0.00138021
average w 0.000758094
highest w 0.508247
average w 0.266577
highest w 1.00306
average w 0.419586
highest w 0.100327
average w 0.0432247
highest w 2.82547
average w 1.32913
highest w 0.335722
average w 0.157786
highest w 0.000827844
average w 0.000339366
highest w 0.0283045
average w 0.0178301
highest w 0.157167
average w 0.0911349
highest w 0.063659
average w 0.0288598
highest w 0.0220512
average w 0.0125882
highest w 0.0223785
average w 0.0111354
highest w 0.079469
average w 0.0362666
highest w 0.008127
average w 0.00445811
highest w 0.0164019
average w 0.0061028
highest w 0.0141688
average w 0.0074393
highest w 0.464305
average w 0.211835
highest w 0.143515
average w 0.114705
highest w 0.0020941
average w 0.00103614
highest w 0.00282215
average w 0.00147084
highest w 0.0133432
average w 0.00736611
highest w 0.0518909
average w 0.0209467
highest w 0.00702238
average w 0.00404929
highest w 1.67568
average w 0.801797
highest w 0.0323166
average w 0.0160673
highest w 0.000715718
average w 0.000382339
highest w 0.090441
average w 0.0513161
highest w 0.252414
average w 0.137339
highest w 0.611729
average w 0.283769
highest w 0.0415017
average w 0.0180906
highest w 0.00479464
average w 0.00273201
highest w 1.35704
average w 0.490685
highest w 7.06304
average w 2.98667
highest w 0.00558966
average w 0.00263882
highest w 1.52176
average w 0.71716
highest w 0.00955299
average w 0.00494999
highest w 1.03064
average w 0.726742
highest w 0.00388486
average w 0.00161031
highest w 0.000307642
average w 0.000154348
highest w 0.659654
average w 0.318774
highest w 0.0127788
average w 0.0066882
highest w 0.361465
average w 0.146952
highest w 0.00201033
average w 0.00103399
highest w 0.135488
average w 0.0602684
highest w 2.58155
average w 1.03373
highest w 0.00124726
average w 0.000530488
highest w 0.00808862
average w 0.00561404
highest w 4.17531e-05
average w 2.05445e-05
highest w 0.0195126
average w 0.0111335
highest w 0.0033973
average w 0.00154723
highest w 0.0287377
average w 0.0171866
highest w 0.367879
average w 0.191208
highest w 0.0436623
average w 0.0236782
highest w 0.00227848
average w 0.00121151
highest w 0.0277168
average w 0.0127182
highest w 0.227224
average w 0.135323
highest w 0.138914
average w 0.0750175
highest w 1.06126
average w 0.66611
highest w 0.00233088
average w 0.00147583
highest w 0.882786
average w 0.377224
highest w 0.0803429
average w 0.0406805
highest w 0.394866
average w 0.24561
highest w 0.606663
average w 0.346396
highest w 0.155712
average w 0.0753825
highest w 0.0753026
average w 0.0339423
highest w 0.769867
average w 0.541332
highest w 1.27642
average w 0.532098
highest w 3.56631
average w 1.93081
highest w 2.11994
average w 1.14824
highest w 2.26729
average w 1.05204
highest w 0.608881
average w 0.25531
highest w 2.89094
average w 1.25656
highest w 0.26502
average w 0.161775
highest w 1.18045
average w 0.408162
highest w 1.75217
average w 0.866591
highest w 0.475037
average w 0.198581
highest w 3.78246
average w 1.63869
highest w 2.85355
average w 1.3046
highest w 0.0184815
average w 0.0112683
highest w 0.154566
average w 0.0790654
highest w 0.485343
average w 0.22454
highest w 2.48106
average w 1.34051
highest w 0.186998
average w 0.0794508
highest w 0.58485
average w 0.282846
highest w 0.0121057
average w 0.00622785
highest w 0.222576
average w 0.106434
highest w 4.64705
average w 2.47813
highest w 0.216833
average w 0.0862097
highest w 0.160268
average w 0.0868925
highest w 0.263786
average w 0.109267
highest w 1.29941
average w 0.552759
highest w 0.977736
average w 0.521779
highest w 0.183038
average w 0.0894672
highest w 0.0639445
average w 0.0338342
highest w 0.345434
average w 0.201583
highest w 0.952894
average w 0.441872
highest w 2.43985
average w 1.60231
highest w 0.347608
average w 0.126661
highest w 2.70077
average w 1.26249
highest w 0.353181
average w 0.154393
highest w 4.49718
average w 2.75306
highest w 0.492472
average w 0.196158
highest w 3.86942
average w 1.54443
highest w 4.52249
average w 2.38547
highest w 1.09156
average w 0.511569
highest w 0.00040867
average w 0.000272167
highest w 0.331289
average w 0.167933
highest w 3.23869
average w 1.57608
highest w 0.0445535
average w 0.0212765
highest w 0.0125838
average w 0.00756659
highest w 0.08082
average w 0.0415952
highest w 0.0240189
average w 0.0120055
highest w 3.63812
average w 1.61737
highest w 0.0253139
average w 0.0132191
highest w 0.00033684
average w 0.000187363
highest w 2.43347
average w 1.11555
highest w 0.199742
average w 0.0815121
highest w 1.96075
average w 0.90733
highest w 0.104824
average w 0.0485016
highest w 1.15727
average w 0.545057
highest w 1.23394
average w 0.75056
highest w 0.344033
average w 0.156885
highest w 0.112929
average w 0.0378241
highest w 2.22665
average w 1.03272
highest w 2.97701
average w 1.40095
highest w 0.00749185
average w 0.00345636
highest w 0.00305607
average w 0.00133581
highest w 0.726428
average w 0.424856
highest w 0.130157
average w 0.0579661
highest w 1.10511
average w 0.682961
highest w 0.295775
average w 0.17639
highest w 1.12135
average w 0.646524
highest w 0.00180106
average w 0.00102419
highest w 0.0495677
average w 0.0227575
highest w 6.15033
average w 3.37401
highest w 0.167003
average w 0.0760593
highest w 12.556
average w 6.51182
highest w 0.0406535
average w 0.0134179
highest w 0.229049
average w 0.127318
highest w 0.388528
average w 0.185233
highest w 0.372558
average w 0.242492
highest w 0.00537826
average w 0.00216325
highest w 0.650005
average w 0.289403
highest w 0.0879993
average w 0.0506193
highest w 2.00106
average w 0.969344
highest w 2.01555
average w 1.01325
highest w 0.276258
average w 0.160221
highest w 0.828591
average w 0.33942
highest w 0.148729
average w 0.0644143
highest w 0.196646
average w 0.0940709
highest w 0.682285
average w 0.364335
highest w 0.282262
average w 0.119598
highest w 0.911452
average w 0.473839
highest w 0.00947722
average w 0.00406866
highest w 0.240561
average w 0.111782
highest w 0.276476
average w 0.129697
highest w 0.412966
average w 0.192241
highest w 0.000110344
average w 5.91413e-05
highest w 1.27795
average w 0.641488
highest w 1.96505
average w 1.34591
highest w 1.40961e-05
average w 6.59931e-06
highest w 0.091646
average w 0.0457236
highest w 1.55381
average w 0.815084
highest w 0.292737
average w 0.134479
highest w 0.239861
average w 0.149708
highest w 0.0920631
average w 0.0478302
highest w 0.116703
average w 0.0520088
highest w 0.000943112
average w 0.000519593
highest w 0.00396651
average w 0.0023386
highest w 1.29464
average w 0.704778
highest w 0.00215749
average w 0.00128714
highest w 1.5098
average w 0.67701
highest w 1.22265
average w 0.667071
highest w 0.0139467
average w 0.00801609
highest w 0.0734257
average w 0.0345916
highest w 0.445201
average w 0.255966
highest w 1.5417
average w 0.678452
highest w 3.51774
average w 1.47462
highest w 0.0216942
average w 0.0115087
highest w 0.140245
average w 0.0700421
highest w 1.08348
average w 0.49179
highest w 4.87824
average w 2.48581
highest w 0.26251
average w 0.113234
highest w 0.180301
average w 0.0900269
highest w 0.126958
average w 0.0759859
highest w 0.00636347
average w 0.00292281
highest w 0.278522
average w 0.152474
highest w 0.414117
average w 0.226501
highest w 4.01936
average w 1.84775
highest w 0.0144261
average w 0.00574762
highest w 0.0654101
average w 0.0333683
highest w 0.0510709
average w 0.0266453
highest w 0.55954
average w 0.254739
highest w 3.51332
average w 1.47667
highest w 0.0310294
average w 0.0135303
highest w 8.07917e-06
average w 3.89016e-06
highest w 0.0735406
average w 0.0330933
highest w 0.0271095
average w 0.0145264
highest w 0.256306
average w 0.135844
highest w 0.00108283
average w 0.000492717
highest w 0.0598318
average w 0.0286948
highest w 0.158234
average w 0.0731654
highest w 7.35684
average w 3.97254
highest w 0.110749
average w 0.0486658
highest w 0.575481
average w 0.283776
highest w 0.823878
average w 0.435165
highest w 0.00251891
average w 0.00124201
highest w 0.0366274
average w 0.0206156
highest w 0.866801
average w 0.578349
highest w 3.94768
average w 1.61868
highest w 2.99734
average w 1.14998
highest w 0.756846
average w 0.440195
highest w 0.164335
average w 0.0829049
highest w 0.121792
average w 0.0463818
highest w 1.70049
average w 0.791812
highest w 0.0940316
average w 0.0403952
highest w 1.86161
average w 0.955793
highest w 0.46693
average w 0.198147
highest w 0.00659106
average w 0.00327266
highest w 0.169075
average w 0.092402
highest w 0.22955
average w 0.133837
highest w 0.0132593
average w 0.00817357
highest w 0.553447
average w 0.205912
highest w 0.0784974
average w 0.0336025
highest w 0.0774101
average w 0.0350112
highest w 0.000135171
average w 6.09556e-05
highest w 0.0580884
average w 0.0269296
highest w 0.174821
average w 0.100356
highest w 0.0477256
average w 0.0200904
highest w 0.00815649
average w 0.00403386
highest w 0.0198972
average w 0.0115395
highest w 0.0813855
average w 0.0486804
highest w 0.490039
average w 0.266123
highest w 0.17398
average w 0.0899103
highest w 0.190227
average w 0.0906948
highest w 0.0981315
average w 0.0564493
highest w 0.0111353
average w 0.00631282
highest w 0.110868
average w 0.0590977
highest w 0.0030486
average w 0.00175504
highest w 0.0299012
average w 0.0178158
highest w 0.000780839
average w 0.000358497
highest w 1.85067
average w 0.714178
highest w 0.0579303
average w 0.0269435
highest w 0.168497
average w 0.0907272
highest w 0.0375466
average w 0.0234888
highest w 0.0303117
average w 0.0168399
highest w 0.0708502
average w 0.0427728
highest w 0.000437358
average w 0.000220644
highest w 0.00696933
average w 0.00295974
highest w 0.0317583
average w 0.01326
highest w 0.179215
average w 0.0963105
highest w 0.759423
average w 0.333284
highest w 2.06426e-06
average w 1.19916e-06
highest w 1.89235
average w 0.894223
highest w 0.115972
average w 0.0709654
highest w 0.0422794
average w 0.0210387
highest w 0.00479707
average w 0.0026386
highest w 0.207678
average w 0.146065
highest w 0.175612
average w 0.0901294
highest w 0.210227
average w 0.0873426
highest w 0.0419016
average w 0.0233219
highest w 17.4934
average w 9.16738
highest w 0.252911
average w 0.131513
highest w 0.000962277
average w 0.000472343
highest w 0.176246
average w 0.0928381
highest w 1.30702
average w 0.700355
highest w 0.864323
average w 0.363202
highest w 0.0146602
average w 0.00517901
highest w 0.230805
average w 0.0988778
highest w 0.00801267
average w 0.00338726
highest w 0.0462796
average w 0.0187332
highest w 0.00413725
average w 0.00182535
highest w 0.0419594
average w 0.0233156
highest w 0.0906925
average w 0.042415
highest w 0.0263622
average w 0.016325
highest w 0.000620226
average w 0.000349093
highest w 0.161758
average w 0.0768311
highest w 0.456027
average w 0.224739
highest w 0.032969
average w 0.0171169
highest w 0.0133848
average w 0.00590779
highest w 0.00159818
average w 0.000889932
highest w 0.000116392
average w 5.31048e-05
highest w 3.79778
average w 1.7915
highest w 0.0622817
average w 0.0292018
highest w 0.233926
average w 0.116297
highest w 0.0743419
average w 0.0415209
highest w 0.657261
average w 0.332825
highest w 0.0866261
average w 0.0463776
highest w 0.153402
average w 0.0823528
highest w 0.000626501
average w 0.000310861
highest w 0.0741406
average w 0.0304747
highest w 0.3593
average w 0.177958
highest w 0.00826436
average w 0.00400025
highest w 0.000119686
average w 5.46873e-05
highest w 0.158823
average w 0.0762031
highest w 0.000313774
average w 0.000176441
highest w 0.201544
average w 0.108139
highest w 4.80991
average w 2.42757
highest w 0.0751387
average w 0.0356827
highest w 0.00101302
average w 0.000415362
highest w 0.885652
average w 0.409582
highest w 7.86163e-05
average w 4.05476e-05
highest w 0.148676
average w 0.0906323
highest w 0.00152544
average w 0.000675465
highest w 2.77446
average w 1.15446
highest w 0.292395
average w 0.143507
highest w 0.072147
average w 0.032515
highest w 0.0156691
average w 0.00794171
highest w 0.000249369
average w 0.00013076
highest w 0.0804753
average w 0.0440253
highest w 0.91091
average w 0.391656
highest w 0.00204571
average w 0.000875206
highest w 0.00921706
average w 0.00426998
highest w 0.00178768
average w 0.000941473
highest w 0.626681
average w 0.346282
highest w 0.0209351
average w 0.00997949
highest w 2.89244
average w 1.59986
highest w 0.000161784
average w 7.23791e-05
highest w 0.263569
average w 0.13144
highest w 0.00215831
average w 0.00100045
highest w 0.00584173
average w 0.00322739
highest w 0.222853
average w 0.109139
highest w 0.01324
average w 0.00674286
highest w 0.0667821
average w 0.0418277
highest w 0.550502
average w 0.276884
highest w 0.187243
average w 0.0762284
highest w 0.238651
average w 0.1171
highest w 0.0630073
average w 0.0318691
highest w 0.026812
average w 0.0161117
highest w 2.52614
average w 1.24562
highest w 2.88813
average w 1.4178
highest w 0.0681907
average w 0.0332127
highest w 0.912157
average w 0.374997
highest w 0.446533
average w 0.206446
highest w 1.18347
average w 0.587604
highest w 6.47778
average w 3.22572
highest w 0.00965494
average w 0.00473946
highest w 0.982916
average w 0.395225
highest w 1.45257
average w 0.735495
highest w 0.18779
average w 0.0947708
highest w 0.644078
average w 0.357481
highest w 0.517631
average w 0.237617
highest w 0.072273
average w 0.0373847
highest w 0.403217
average w 0.212759
highest w 1.50247
average w 0.67047
highest w 0.282544
average w 0.142098
highest w 0.273863
average w 0.157381
highest w 0.18944
average w 0.0930025
highest w 0.416203
average w 0.226296
highest w 2.63386
average w 1.3831
highest w 0.680563
average w 0.339711
highest w 0.369829
average w 0.183712
highest w 0.0136294
average w 0.00727559
highest w 5.49175e-05
average w 2.75341e-05
highest w 0.0321766
average w 0.0193996
highest w 0.000581567
average w 0.000259481
highest w 0.417857
average w 0.208561
highest w 0.000562081
average w 0.000246984
highest w 0.0123529
average w 0.00490675
highest w 0.553762
average w 0.297215
highest w 1.60306
average w 0.839627
highest w 1.53766
average w 0.687187
highest w 0.00041346
average w 0.000177007
highest w 0.391218
average w 0.216122
highest w 0.278853
average w 0.122423
highest w 12.2761
average w 5.44837
highest w 0.146616
average w 0.0708427
highest w 4.06338
average w 1.84123
highest w 0.00191072
average w 0.000779794
highest w 0.301429
average w 0.133354
highest w 0.158031
average w 0.0861462
highest w 0.472255
average w 0.243591
highest w 0.0197157
average w 0.00790076
highest w 5.40768
average w 2.46507
highest w 0.00411275
average w 0.00251952
highest w 0.101729
average w 0.0556358
highest w 0.0198824
average w 0.00797691
highest w 0.303897
average w 0.152445
highest w 0.00130096
average w 0.000655197
highest w 0.0277595
average w 0.0142843
highest w 0.169027
average w 0.0794028
highest w 1.01311
average w 0.402827
highest w 0.0310728
average w 0.0131649
highest w 2.22492
average w 1.04447
highest w 0.00646706
average w 0.00334006
highest w 3.78814
average w 1.34585
highest w 0.0144699
average w 0.00799134
highest w 0.260987
average w 0.128723
highest w 0.0909712
average w 0.0364448
highest w 0.636977
average w 0.30636
highest w 0.167417
average w 0.0681311
highest w 0.62174
average w 0.247805
highest w 0.156362
average w 0.0813743
highest w 0.288556
average w 0.169412
highest w 0.332466
average w 0.166359
highest w 1.07201
average w 0.535802
highest w 7.66806
average w 3.52431
highest w 0.330158
average w 0.184516
highest w 0.0941818
average w 0.0423968
highest w 0.21127
average w 0.104459
highest w 0.549447
average w 0.260255
highest w 0.0843254
average w 0.0490402
highest w 0.528353
average w 0.355155
highest w 0.114018
average w 0.0601551
highest w 1.82213
average w 1.12493
highest w 5.09958
average w 2.27059
highest w 3.99089
average w 1.722
highest w 0.625463
average w 0.355522
highest w 0.00450664
average w 0.00274064
highest w 0.373633
average w 0.174133
highest w 0.120445
average w 0.0606551
highest w 0.00364064
average w 0.00196145
highest w 3.35853
average w 1.71447
highest w 2.32933
average w 1.18983
highest w 0.343976
average w 0.158871
highest w 1.51923
average w 0.879548
highest w 0.37602
average w 0.184938
highest w 2.14368
average w 1.00587
highest w 0.304693
average w 0.175071
highest w 4.57312
average w 1.62343
highest w 1.0846
average w 0.584104
highest w 1.0694
average w 0.518282
highest w 5.75507
average w 2.71558
highest w 4.77738
average w 2.45936
highest w 0.484573
average w 0.256794
highest w 0.557334
average w 0.339528
highest w 0.456273
average w 0.25416
highest w 0.877295
average w 0.419706
highest w 0.291357
average w 0.125635
highest w 0.628704
average w 0.319331
highest w 0.00265312
average w 0.00163516
highest w 7.42364
average w 3.86248
highest w 0.158993
average w 0.0760166
highest w 1.63469
average w 0.930005
highest w 0.0908299
average w 0.0437011
highest w 0.130003
average w 0.0649572
highest w 0.198219
average w 0.108063
highest w 0.926079
average w 0.360741
highest w 1.02744
average w 0.477782
highest w 0.585623
average w 0.294072
highest w 0.885437
average w 0.537443
highest w 0.877074
average w 0.402253
highest w 0.12606
average w 0.0666065
highest w 2.92865
average w 1.78239
highest w 0.309293
average w 0.124371
highest w 0.0651509
average w 0.0325972
highest w 0.439984
average w 0.203326
highest w 1.50833
average w 0.757312
highest w 1.23951
average w 0.623386
highest w 0.0164173
average w 0.00735894
highest w 0.0115862
average w 0.00521134
highest w 0.169359
average w 0.0875129
highest w 1.2123
average w 0.496491
highest w 2.66649
average w 1.39473
highest w 0.0388706
average w 0.0158295
highest w 0.080575
average w 0.0371391
highest w 0.336925
average w 0.161856
highest w 4.57403
average w 2.35907
highest w 1.69419
average w 0.936307
highest w 0.327331
average w 0.171919
highest w 0.0846535
average w 0.057126
highest w 0.217965
average w 0.0966341
highest w 8.08704
average w 3.96296
highest w 0.0279249
average w 0.0135099
highest w 0.276332
average w 0.114667
highest w 1.4232
average w 0.781555
highest w 0.0324455
average w 0.014041
highest w 5.28169
average w 2.90157
highest w 0.0945398
average w 0.0494218
highest w 0.0360291
average w 0.0207213
highest w 9.10471e-06
average w 4.28962e-06
highest w 2.81653
average w 1.37006
highest w 0.00845104
average w 0.00352044
highest w 0.200943
average w 0.0875898
highest w 0.109484
average w 0.0572217
highest w 0.749451
average w 0.368665
highest w 0.017262
average w 0.00809025
highest w 0.118504
average w 0.0588353
highest w 3.89906
average w 1.84963
highest w 0.00707986
average w 0.00408401
highest w 0.0923831
average w 0.0489032
highest w 0.592418
average w 0.315819
highest w 2.05438
average w 0.93812
highest w 2.24178
average w 1.24914
highest w 0.82839
average w 0.327744
highest w 2.59802
average w 1.22135
highest w 3.82775
average w 1.73512
highest w 0.114485
average w 0.0583188
highest w 1.64375
average w 0.91796
highest w 0.319315
average w 0.136785
highest w 0.328613
average w 0.144603
highest w 0.147391
average w 0.06812
highest w 1.58002
average w 0.948023
highest w 0.615489
average w 0.31413
highest w 0.0308417
average w 0.0177475
highest w 2.95937e-05
average w 1.91762e-05
highest w 1.36984
average w 0.607208
highest w 0.48931
average w 0.259027
highest w 0.49416
average w 0.329101
highest w 0.989489
average w 0.508202
highest w 0.304713
average w 0.173027
highest w 0.868008
average w 0.418605
highest w 0.0542117
average w 0.0226752
highest w 0.291583
average w 0.121998
highest w 0.529507
average w 0.293993
highest w 0.315745
average w 0.1886
highest w 0.52678
average w 0.297702
highest w 0.158915
average w 0.0816834
highest w 0.295402
average w 0.158022
highest w 0.107622
average w 0.0545578
highest w 2.93181
average w 1.90855
highest w 0.000733754
average w 0.000335489
highest w 0.465088
average w 0.233743
highest w 1.47644
average w 0.741162
highest w 0.364558
average w 0.144768
highest w 2.13635
average w 0.981647
highest w 0.0405917
average w 0.0200165
highest w 2.32282
average w 1.04489
highest w 0.0333484
average w 0.0149329
highest w 0.405305
average w 0.175871
highest w 0.343871
average w 0.158847
highest w 0.0343557
average w 0.0153772
highest w 1.73952
average w 0.921348
highest w 2.28567
average w 1.12998
highest w 0.0891749
average w 0.0465479
highest w 0.0732942
average w 0.0455044
highest w 0.332723
average w 0.148384
highest w 0.844986
average w 0.298804
highest w 0.394625
average w 0.216297
highest w 0.0190141
average w 0.00884884
highest w 0.0843765
average w 0.0420961
highest w 0.151871
average w 0.0703315
highest w 0.218758
average w 0.0880102
highest w 2.95506
average w 1.40211
highest w 3.15656
average w 1.35426
highest w 0.357401
average w 0.199875
highest w 0.010172
average w 0.0046857
highest w 5.9271
average w 2.3097
highest w 0.0937199
average w 0.0497937
highest w 0.606
average w 0.306383
highest w 0.76582
average w 0.469164
highest w 3.768
average w 1.68777
highest w 0.16214
average w 0.0763933
highest w 0.940698
average w 0.406071
highest w 11.6585
average w 4.49268
highest w 0.0181012
average w 0.00926057
highest w 1.49345
average w 0.756137
highest w 0.071746
average w 0.0329189
highest w 1.22968
average w 0.515048
highest w 2.52199
average w 1.16121
highest w 1.93658
average w 0.745488
highest w 0.961894
average w 0.418462
highest w 4.54348
average w 2.42068
highest w 2.86059
average w 1.37783
highest w 0.362739
average w 0.140391
highest w 0.188491
average w 0.0899524
highest w 0.201896
average w 0.0916
highest w 4.02723
average w 2.01336
highest w 0.484315
average w 0.216595
highest w 4.57437
average w 1.81733
highest w 0.103078
average w 0.054152
highest w 0.250443
average w 0.137816
highest w 0.210854
average w 0.110655
highest w 0.284544
average w 0.108209
highest w 0.0687413
average w 0.0344184
highest w 0.781033
average w 0.359494
highest w 0.222976
average w 0.125255
highest w 0.742334
average w 0.296194
highest w 5.06519
average w 2.55666
highest w 0.00255771
average w 0.00114628
highest w 1.7012
average w 0.85506
highest w 0.122373
average w 0.0761944
highest w 0.40808
average w 0.213249
highest w 0.0549703
average w 0.0304647
highest w 0.339243
average w 0.16896
highest w 0.0606678
average w 0.0248735
highest w 0.1248
average w 0.0519481
highest w 0.534439
average w 0.307184
highest w 0.95672
average w 0.510988
highest w 0.240539
average w 0.127217
highest w 0.429643
average w 0.1919
highest w 0.261268
average w 0.155476
highest w 0.913915
average w 0.340828
highest w 0.310108
average w 0.150656
highest w 0.0998022
average w 0.087344
highest w 0.00678926
average w 0.00379723
highest w 0.0100416
average w 0.00584138
highest w 12.9521
average w 6.18593
highest w 1.67033
average w 0.697885
highest w 1.65914
average w 0.772219
highest w 0.00324555
average w 0.002536
highest w 0.644399
average w 0.334156
highest w 0.0228657
average w 0.0128685
highest w 0.00100996
average w 0.00053082
highest w 0.0320719
average w 0.0186067
highest w 0.464978
average w 0.255879
highest w 0.000460751
average w 0.000253354
highest w 0.108851
average w 0.0498154
highest w 0.0049249
average w 0.00251126
highest w 0.938222
average w 0.520545
highest w 0.00214787
average w 0.000936849
highest w 0.0218259
average w 0.011135
highest w 0.565422
average w 0.369746
highest w 0.00280018
average w 0.0011866
highest w 0.104714
average w 0.065876
highest w 0.343796
average w 0.222151
highest w 0.00540812
average w 0.00232688
highest w 0.681408
average w 0.315641
highest w 0.00469767
average w 0.00227033
highest w 0.0522217
average w 0.0229095
highest w 0.158533
average w 0.0744446
highest w 0.0692303
average w 0.0340646
highest w 1.12231
average w 0.574026
highest w 0.00414248
average w 0.00251946
highest w 0.0746724
average w 0.0387145
highest w 0.471527
average w 0.207616
highest w 0.0344591
average w 0.0154639
highest w 0.3039
average w 0.150776
highest w 0.0285213
average w 0.0143308
highest w 0.00072447
average w 0.000409132
highest w 0.000584844
average w 0.000341786
highest w 0.118918
average w 0.0490758
highest w 4.2711
average w 1.76952
highest w 1.06535
average w 0.665007
highest w 0.202653
average w 0.121154
highest w 0.0348855
average w 0.0212609
highest w 1.44996
average w 0.612866
highest w 0.17407
average w 0.103093
highest w 1.35407
average w 0.658208
highest w 0.0198975
average w 0.0125671
highest w 0.165803
average w 0.095289
highest w 0.00141712
average w 0.00079061
highest w 0.00174187
average w 0.000939246
highest w 1.43978
average w 0.704722
highest w 0.0251384
average w 0.0165966
highest w 4.62658
average w 2.44841
highest w 7.9423e-05
average w 4.67242e-05
highest w 0.345385
average w 0.198578
highest w 0.0667204
average w 0.0407384
highest w 0.00415289
average w 0.00237128
highest w 0.00208062
average w 0.000927816
highest w 5.14353
average w 2.52871
highest w 0.433791
average w 0.235298
highest w 0.00103274
average w 0.000519097
highest w 0.0284079
average w 0.0141866
highest w 0.242999
average w 0.153208
highest w 0.141267
average w 0.081307
highest w 0.0169904
average w 0.00858186
highest w 0.358188
average w 0.1801
highest w 0.000755907
average w 0.000334073
highest w 9.41186
average w 4.20793
highest w 0.19851
average w 0.0804332
highest w 0.011346
average w 0.00500419
highest w 0.00164453
average w 0.000913549
highest w 0.0166431
average w 0.00731328
highest w 0.871948
average w 0.464627
highest w 0.14851
average w 0.0870495
highest w 0.629894
average w 0.280693
highest w 0.00304045
average w 0.00148238
highest w 0.00120399
average w 0.000497711
highest w 0.483722
average w 0.24456
highest w 0.141892
average w 0.0679936
highest w 0.0216698
average w 0.0118934
highest w 0.0094577
average w 0.00528754
highest w 0.00628589
average w 0.00380556
highest w 0.0288854
average w 0.0176881
highest w 1.74376
average w 0.948916
highest w 0.079888
average w 0.0480569
highest w 1.43887
average w 0.766325
highest w 0.587999
average w 0.327089
highest w 2.44853
average w 1.40593
highest w 0.00375195
average w 0.0019027
highest w 0.0250533
average w 0.0135887
highest w 0.00235113
average w 0.00126597
highest w 0.0161745
average w 0.00798444
highest w 0.00520462
average w 0.00368435
highest w 0.0102748
average w 0.00488751
highest w 0.730394
average w 0.385514
highest w 0.00265641
average w 0.00127022
highest w 0.218323
average w 0.111977
highest w 0.0529814
average w 0.0306723
highest w 0.0202731
average w 0.00947342
highest w 6.84479
average w 3.15034
highest w 1.15124
average w 0.493847
highest w 0.119521
average w 0.0691305
highest w 0.0121615
average w 0.00668374
highest w 0.0190884
average w 0.0111625
highest w 0.317041
average w 0.136154
highest w 0.027194
average w 0.0152216
highest w 1.54673
average w 0.766657
highest w 0.788354
average w 0.376378
highest w 0.00363237
average w 0.00203791
highest w 0.0543887
average w 0.0293065
highest w 0.048423
average w 0.0281728
highest w 0.00030263
average w 0.000111261
highest w 0.0279443
average w 0.0142067
highest w 0.14555
average w 0.086272
highest w 0.0622488
average w 0.0322749
highest w 1.08034
average w 0.512292
highest w 8.4363
average w 4.31236
highest w 1.37091
average w 0.678283
highest w 3.25948
average w 1.25648
highest w 0.732443
average w 0.360943
highest w 0.734545
average w 0.406799
highest w 0.770592
average w 0.33492
highest w 0.261223
average w 0.116851
highest w 2.76158
average w 1.39196
highest w 3.19943
average w 1.61884
highest w 0.148414
average w 0.0563645
highest w 0.387454
average w 0.157733
highest w 0.737032
average w 0.404614
highest w 0.150694
average w 0.0614335
highest w 0.00240026
average w 0.00115672
highest w 0.335875
average w 0.135316
highest w 2.57239
average w 1.30816
highest w 0.0497402
average w 0.0212822
highest w 1.86314
average w 0.995828
highest w 1.5062
average w 0.675708
highest w 0.605247
average w 0.241601
highest w 0.089006
average w 0.043951
highest w 0.201562
average w 0.0802405
highest w 1.57965
average w 0.702786
highest w 1.02948
average w 0.423323
highest w 4.66615
average w 2.24887
highest w 2.37352
average w 1.20965
highest w 0.0640127
average w 0.0281699
highest w 0.790689
average w 0.299073
highest w 2.0685
average w 0.992782
highest w 2.07601
average w 0.880641
highest w 2.44997
average w 1.01923
highest w 0.0972226
average w 0.049855
highest w 2.12141
average w 1.01168
highest w 0.0230906
average w 0.0123493
highest w 1.06288
average w 0.502079
highest w 1.39391
average w 0.775726
highest w 0.0261208
average w 0.0145057
highest w 3.98326
average w 2.40162
highest w 0.0673193
average w 0.0280255
highest w 0.467919
average w 0.228595
highest w 2.77276
average w 1.21748
highest w 0.631236
average w 0.248641
highest w 0.382109
average w 0.217445
highest w 0.00838145
average w 0.00480288
highest w 2.85283
average w 1.59551
highest w 0.243195
average w 0.12351
highest w 1.98515
average w 1.10869
highest w 0.239755
average w 0.115397
highest w 0.106701
average w 0.0460573
highest w 3.58695
average w 1.50594
highest w 0.805803
average w 0.517082
highest w 1.67117
average w 0.859239
highest w 0.0527738
average w 0.0266562
highest w 3.76365
average w 1.79242
highest w 0.887525
average w 0.380485
highest w 2.09916
average w 1.01707
highest w 0.275708
average w 0.127898
highest w 0.372509
average w 0.204308
highest w 1.50337
average w 0.782669
highest w 2.21752
average w 0.982416
highest w 0.194362
average w 0.0949352
highest w 0.24476
average w 0.110136
highest w 0.00429258
average w 0.00222308
highest w 0.481016
average w 0.285272
highest w 0.619845
average w 0.362258
highest w 1.0538
average w 0.381951
highest w 5.3604
average w 2.48296
highest w 1.38028
average w 0.585669
highest w 0.0445056
average w 0.0197414
highest w 0.22998
average w 0.105292
highest w 3.0533
average w 1.2737
highest w 0.609441
average w 0.237919
highest w 0.0868573
average w 0.0407886
highest w 0.00630778
average w 0.00328454
highest w 0.0667749
average w 0.0296632
highest w 0.0150271
average w 0.00600783
highest w 0.0055615
average w 0.00272818
highest w 0.283748
average w 0.116464
highest w 0.0966157
average w 0.0461223
highest w 0.644811
average w 0.331168
highest w 2.38646
average w 0.905663
highest w 0.155156
average w 0.0804423
highest w 1.64345
average w 0.770614
highest w 0.263608
average w 0.117361
highest w 0.344586
average w 0.146774
highest w 3.26686
average w 1.62409
highest w 5.45554
average w 2.59643
highest w 1.89522
average w 0.90766
highest w 0.237659
average w 0.119132
highest w 1.84921
average w 0.833743
highest w 0.0148587
average w 0.0064812
highest w 0.148208
average w 0.0825842
highest w 1.18478
average w 0.536622
highest w 0.025196
average w 0.0166356
highest w 0.862009
average w 0.349777
highest w 0.000549522
average w 0.000205917
highest w 2.38022
average w 1.05006
highest w 4.77608
average w 2.68318
highest w 0.565408
average w 0.196718
highest w 0.00908082
average w 0.0053002
highest w 2.90272
average w 1.46161
highest w 1.50552
average w 0.771829
highest w 4.0615
average w 1.87541
highest w 0.144207
average w 0.0817098
highest w 0.0187885
average w 0.00988895
highest w 0.00351411
average w 0.00151689
highest w 1.57943
average w 0.947681
highest w 0.698637
average w 0.358621
highest w 1.00482
average w 0.539479
highest w 0.0700299
average w 0.0325979
highest w 0.00619655
average w 0.00353309
highest w 0.620282
average w 0.222741
highest w 1.38755
average w 0.489778
highest w 0.0165578
average w 0.00809812
highest w 0.464261
average w 0.259813
highest w 0.539497
average w 0.216922
highest w 0.223327
average w 0.111252
highest w 0.692046
average w 0.340884
highest w 0.114976
average w 0.0561297
highest w 0.36845
average w 0.154189
highest w 0.00296318
average w 0.00142523
highest w 0.242685
average w 0.107983
highest w 0.481287
average w 0.215866
highest w 3.49791
average w 1.85019
highest w 0.973169
average w 0.48075
highest w 1.33426
average w 0.603292
highest w 0.571539
average w 0.286402
highest w 0.624972
average w 0.301431
highest w 0.09043
average w 0.0392332
highest w 0.696065
average w 0.297301
highest w 0.446656
average w 0.203632
